ERROR - 2025-04-09 00:00:39 --> mysqli_sql_exception: La table 'binomage_db.binomes' n'existe pas in C:\wamp64\www\codeigniter(v4)\system\Database\MySQLi\Connection.php:327
Stack trace:
#0 C:\wamp64\www\codeigniter(v4)\system\Database\MySQLi\Connection.php(327): mysqli->query('SELECT `binomes...', 0)
#1 C:\wamp64\www\codeigniter(v4)\system\Database\BaseConnection.php(738): CodeIgniter\Database\MySQLi\Connection->execute('SELECT `binomes...')
#2 C:\wamp64\www\codeigniter(v4)\system\Database\BaseConnection.php(652): CodeIgniter\Database\BaseConnection->simpleQuery('SELECT `binomes...')
#3 C:\wamp64\www\codeigniter(v4)\system\Database\BaseBuilder.php(1649): CodeIgniter\Database\BaseConnection->query('SELECT `binomes...', Array, false)
#4 C:\wamp64\www\codeigniter(v4)\system\Model.php(286): CodeIgniter\Database\BaseBuilder->get()
#5 C:\wamp64\www\codeigniter(v4)\system\BaseModel.php(675): CodeIgniter\Model->doFindAll(0, 0)
#6 C:\wamp64\www\codeigniter(v4)\app\Controllers\Dashboard.php(23): CodeIgniter\BaseModel->findAll()
#7 C:\wamp64\www\codeigniter(v4)\system\CodeIgniter.php(933): App\Controllers\Dashboard->index()
#8 C:\wamp64\www\codeigniter(v4)\system\CodeIgniter.php(507): CodeIgniter\CodeIgniter->runController(Object(App\Controllers\Dashboard))
#9 C:\wamp64\www\codeigniter(v4)\system\CodeIgniter.php(354): CodeIgniter\CodeIgniter->handleRequest(NULL, Object(Config\Cache), false)
#10 C:\wamp64\www\codeigniter(v4)\system\Boot.php(334): CodeIgniter\CodeIgniter->run()
#11 C:\wamp64\www\codeigniter(v4)\system\Boot.php(67): CodeIgniter\Boot::runCodeIgniter(Object(CodeIgniter\CodeIgniter))
#12 C:\wamp64\www\codeigniter(v4)\public\index.php(56): CodeIgniter\Boot::bootWeb(Object(Config\Paths))
#13 {main}
CRITICAL - 2025-04-09 00:00:39 --> Error: Call to a member function getResult() on bool
[Method: GET, Route: dashboard]
in SYSTEMPATH\Model.php on line 287.
 1 SYSTEMPATH\BaseModel.php(675): CodeIgniter\Model->doFindAll(0, 0)
 2 APPPATH\Controllers\Dashboard.php(23): CodeIgniter\BaseModel->findAll()
 3 SYSTEMPATH\CodeIgniter.php(933): App\Controllers\Dashboard->index()
 4 SYSTEMPATH\CodeIgniter.php(507): CodeIgniter\CodeIgniter->runController(Object(App\Controllers\Dashboard))
 5 SYSTEMPATH\CodeIgniter.php(354): CodeIgniter\CodeIgniter->handleRequest(null, Object(Config\Cache), false)
 6 SYSTEMPATH\Boot.php(334): CodeIgniter\CodeIgniter->run()
 7 SYSTEMPATH\Boot.php(67): CodeIgniter\Boot::runCodeIgniter(Object(CodeIgniter\CodeIgniter))
 8 FCPATH\index.php(56): CodeIgniter\Boot::bootWeb(Object(Config\Paths))
ERROR - 2025-04-09 00:01:49 --> mysqli_sql_exception: La table 'binomage_db.binomes' n'existe pas in C:\wamp64\www\codeigniter(v4)\system\Database\MySQLi\Connection.php:327
Stack trace:
#0 C:\wamp64\www\codeigniter(v4)\system\Database\MySQLi\Connection.php(327): mysqli->query('SELECT `binomes...', 0)
#1 C:\wamp64\www\codeigniter(v4)\system\Database\BaseConnection.php(738): CodeIgniter\Database\MySQLi\Connection->execute('SELECT `binomes...')
#2 C:\wamp64\www\codeigniter(v4)\system\Database\BaseConnection.php(652): CodeIgniter\Database\BaseConnection->simpleQuery('SELECT `binomes...')
#3 C:\wamp64\www\codeigniter(v4)\system\Database\BaseBuilder.php(1649): CodeIgniter\Database\BaseConnection->query('SELECT `binomes...', Array, false)
#4 C:\wamp64\www\codeigniter(v4)\system\Model.php(286): CodeIgniter\Database\BaseBuilder->get()
#5 C:\wamp64\www\codeigniter(v4)\system\BaseModel.php(675): CodeIgniter\Model->doFindAll(0, 0)
#6 C:\wamp64\www\codeigniter(v4)\app\Controllers\Dashboard.php(23): CodeIgniter\BaseModel->findAll()
#7 C:\wamp64\www\codeigniter(v4)\system\CodeIgniter.php(933): App\Controllers\Dashboard->index()
#8 C:\wamp64\www\codeigniter(v4)\system\CodeIgniter.php(507): CodeIgniter\CodeIgniter->runController(Object(App\Controllers\Dashboard))
#9 C:\wamp64\www\codeigniter(v4)\system\CodeIgniter.php(354): CodeIgniter\CodeIgniter->handleRequest(NULL, Object(Config\Cache), false)
#10 C:\wamp64\www\codeigniter(v4)\system\Boot.php(334): CodeIgniter\CodeIgniter->run()
#11 C:\wamp64\www\codeigniter(v4)\system\Boot.php(67): CodeIgniter\Boot::runCodeIgniter(Object(CodeIgniter\CodeIgniter))
#12 C:\wamp64\www\codeigniter(v4)\public\index.php(56): CodeIgniter\Boot::bootWeb(Object(Config\Paths))
#13 {main}
CRITICAL - 2025-04-09 00:01:49 --> Error: Call to a member function getResult() on bool
[Method: GET, Route: dashboard]
in SYSTEMPATH\Model.php on line 287.
 1 SYSTEMPATH\BaseModel.php(675): CodeIgniter\Model->doFindAll(0, 0)
 2 APPPATH\Controllers\Dashboard.php(23): CodeIgniter\BaseModel->findAll()
 3 SYSTEMPATH\CodeIgniter.php(933): App\Controllers\Dashboard->index()
 4 SYSTEMPATH\CodeIgniter.php(507): CodeIgniter\CodeIgniter->runController(Object(App\Controllers\Dashboard))
 5 SYSTEMPATH\CodeIgniter.php(354): CodeIgniter\CodeIgniter->handleRequest(null, Object(Config\Cache), false)
 6 SYSTEMPATH\Boot.php(334): CodeIgniter\CodeIgniter->run()
 7 SYSTEMPATH\Boot.php(67): CodeIgniter\Boot::runCodeIgniter(Object(CodeIgniter\CodeIgniter))
 8 FCPATH\index.php(56): CodeIgniter\Boot::bootWeb(Object(Config\Paths))
CRITICAL - 2025-04-09 00:29:31 --> CodeIgniter\HTTP\Exceptions\BadRequestException: The URI you submitted has disallowed characters: "codeigniter(v4)"
[Method: POST, Route: codeigniter%28v4%29/public/dashboard]
in SYSTEMPATH\Router\Router.php on line 739.
 1 SYSTEMPATH\Router\Router.php(207): CodeIgniter\Router\Router->checkDisallowedChars('codeigniter(v4)/public/dashboard')
 2 SYSTEMPATH\CodeIgniter.php(832): CodeIgniter\Router\Router->handle('codeigniter(v4)/public/dashboard')
 3 SYSTEMPATH\CodeIgniter.php(455): CodeIgniter\CodeIgniter->tryToRouteIt(Object(CodeIgniter\Router\RouteCollection))
 4 SYSTEMPATH\CodeIgniter.php(354): CodeIgniter\CodeIgniter->handleRequest(null, Object(Config\Cache), false)
 5 SYSTEMPATH\Boot.php(334): CodeIgniter\CodeIgniter->run()
 6 SYSTEMPATH\Boot.php(67): CodeIgniter\Boot::runCodeIgniter(Object(CodeIgniter\CodeIgniter))
 7 FCPATH\index.php(56): CodeIgniter\Boot::bootWeb(Object(Config\Paths))
CRITICAL - 2025-04-09 00:30:22 --> CodeIgniter\HTTP\Exceptions\BadRequestException: The URI you submitted has disallowed characters: "codeigniter(v4)"
[Method: POST, Route: codeigniter%28v4%29/public/dashboard]
in SYSTEMPATH\Router\Router.php on line 739.
 1 SYSTEMPATH\Router\Router.php(207): CodeIgniter\Router\Router->checkDisallowedChars('codeigniter(v4)/public/dashboard')
 2 SYSTEMPATH\CodeIgniter.php(832): CodeIgniter\Router\Router->handle('codeigniter(v4)/public/dashboard')
 3 SYSTEMPATH\CodeIgniter.php(455): CodeIgniter\CodeIgniter->tryToRouteIt(Object(CodeIgniter\Router\RouteCollection))
 4 SYSTEMPATH\CodeIgniter.php(354): CodeIgniter\CodeIgniter->handleRequest(null, Object(Config\Cache), false)
 5 SYSTEMPATH\Boot.php(334): CodeIgniter\CodeIgniter->run()
 6 SYSTEMPATH\Boot.php(67): CodeIgniter\Boot::runCodeIgniter(Object(CodeIgniter\CodeIgniter))
 7 FCPATH\index.php(56): CodeIgniter\Boot::bootWeb(Object(Config\Paths))
CRITICAL - 2025-04-09 00:34:18 --> CodeIgniter\HTTP\Exceptions\BadRequestException: The URI you submitted has disallowed characters: "codeigniter(v4)"
[Method: POST, Route: codeigniter%28v4%29/public/parrain]
in SYSTEMPATH\Router\Router.php on line 739.
 1 SYSTEMPATH\Router\Router.php(207): CodeIgniter\Router\Router->checkDisallowedChars('codeigniter(v4)/public/parrain')
 2 SYSTEMPATH\CodeIgniter.php(832): CodeIgniter\Router\Router->handle('codeigniter(v4)/public/parrain')
 3 SYSTEMPATH\CodeIgniter.php(455): CodeIgniter\CodeIgniter->tryToRouteIt(Object(CodeIgniter\Router\RouteCollection))
 4 SYSTEMPATH\CodeIgniter.php(354): CodeIgniter\CodeIgniter->handleRequest(null, Object(Config\Cache), false)
 5 SYSTEMPATH\Boot.php(334): CodeIgniter\CodeIgniter->run()
 6 SYSTEMPATH\Boot.php(67): CodeIgniter\Boot::runCodeIgniter(Object(CodeIgniter\CodeIgniter))
 7 FCPATH\index.php(56): CodeIgniter\Boot::bootWeb(Object(Config\Paths))
CRITICAL - 2025-04-09 00:34:38 --> CodeIgniter\HTTP\Exceptions\BadRequestException: The URI you submitted has disallowed characters: "codeigniter(v4)"
[Method: POST, Route: codeigniter%28v4%29/public/dashboard]
in SYSTEMPATH\Router\Router.php on line 739.
 1 SYSTEMPATH\Router\Router.php(207): CodeIgniter\Router\Router->checkDisallowedChars('codeigniter(v4)/public/dashboard')
 2 SYSTEMPATH\CodeIgniter.php(832): CodeIgniter\Router\Router->handle('codeigniter(v4)/public/dashboard')
 3 SYSTEMPATH\CodeIgniter.php(455): CodeIgniter\CodeIgniter->tryToRouteIt(Object(CodeIgniter\Router\RouteCollection))
 4 SYSTEMPATH\CodeIgniter.php(354): CodeIgniter\CodeIgniter->handleRequest(null, Object(Config\Cache), false)
 5 SYSTEMPATH\Boot.php(334): CodeIgniter\CodeIgniter->run()
 6 SYSTEMPATH\Boot.php(67): CodeIgniter\Boot::runCodeIgniter(Object(CodeIgniter\CodeIgniter))
 7 FCPATH\index.php(56): CodeIgniter\Boot::bootWeb(Object(Config\Paths))
CRITICAL - 2025-04-09 00:34:42 --> CodeIgniter\HTTP\Exceptions\BadRequestException: The URI you submitted has disallowed characters: "codeigniter(v4)"
[Method: POST, Route: codeigniter%28v4%29/public/dashboard]
in SYSTEMPATH\Router\Router.php on line 739.
 1 SYSTEMPATH\Router\Router.php(207): CodeIgniter\Router\Router->checkDisallowedChars('codeigniter(v4)/public/dashboard')
 2 SYSTEMPATH\CodeIgniter.php(832): CodeIgniter\Router\Router->handle('codeigniter(v4)/public/dashboard')
 3 SYSTEMPATH\CodeIgniter.php(455): CodeIgniter\CodeIgniter->tryToRouteIt(Object(CodeIgniter\Router\RouteCollection))
 4 SYSTEMPATH\CodeIgniter.php(354): CodeIgniter\CodeIgniter->handleRequest(null, Object(Config\Cache), false)
 5 SYSTEMPATH\Boot.php(334): CodeIgniter\CodeIgniter->run()
 6 SYSTEMPATH\Boot.php(67): CodeIgniter\Boot::runCodeIgniter(Object(CodeIgniter\CodeIgniter))
 7 FCPATH\index.php(56): CodeIgniter\Boot::bootWeb(Object(Config\Paths))
CRITICAL - 2025-04-09 00:35:04 --> CodeIgniter\HTTP\Exceptions\BadRequestException: The URI you submitted has disallowed characters: "codeigniter(v4)"
[Method: GET, Route: codeigniter%28v4%29/public/dashboard]
in SYSTEMPATH\Router\Router.php on line 739.
 1 SYSTEMPATH\Router\Router.php(207): CodeIgniter\Router\Router->checkDisallowedChars('codeigniter(v4)/public/dashboard')
 2 SYSTEMPATH\CodeIgniter.php(832): CodeIgniter\Router\Router->handle('codeigniter(v4)/public/dashboard')
 3 SYSTEMPATH\CodeIgniter.php(455): CodeIgniter\CodeIgniter->tryToRouteIt(Object(CodeIgniter\Router\RouteCollection))
 4 SYSTEMPATH\CodeIgniter.php(354): CodeIgniter\CodeIgniter->handleRequest(null, Object(Config\Cache), false)
 5 SYSTEMPATH\Boot.php(334): CodeIgniter\CodeIgniter->run()
 6 SYSTEMPATH\Boot.php(67): CodeIgniter\Boot::runCodeIgniter(Object(CodeIgniter\CodeIgniter))
 7 FCPATH\index.php(56): CodeIgniter\Boot::bootWeb(Object(Config\Paths))
CRITICAL - 2025-04-09 00:54:55 --> CodeIgniter\HTTP\Exceptions\BadRequestException: The URI you submitted has disallowed characters: "codeigniter(v4)"
[Method: POST, Route: codeigniter%28v4%29/public/dashboard]
in SYSTEMPATH\Router\Router.php on line 739.
 1 SYSTEMPATH\Router\Router.php(207): CodeIgniter\Router\Router->checkDisallowedChars('codeigniter(v4)/public/dashboard')
 2 SYSTEMPATH\CodeIgniter.php(832): CodeIgniter\Router\Router->handle('codeigniter(v4)/public/dashboard')
 3 SYSTEMPATH\CodeIgniter.php(455): CodeIgniter\CodeIgniter->tryToRouteIt(Object(CodeIgniter\Router\RouteCollection))
 4 SYSTEMPATH\CodeIgniter.php(354): CodeIgniter\CodeIgniter->handleRequest(null, Object(Config\Cache), false)
 5 SYSTEMPATH\Boot.php(334): CodeIgniter\CodeIgniter->run()
 6 SYSTEMPATH\Boot.php(67): CodeIgniter\Boot::runCodeIgniter(Object(CodeIgniter\CodeIgniter))
 7 FCPATH\index.php(56): CodeIgniter\Boot::bootWeb(Object(Config\Paths))
CRITICAL - 2025-04-09 01:06:54 --> CodeIgniter\HTTP\Exceptions\BadRequestException: The URI you submitted has disallowed characters: "codeigniter(v4)"
[Method: GET, Route: codeigniter%28v4%29/public/filleul/creer]
in SYSTEMPATH\Router\Router.php on line 739.
 1 SYSTEMPATH\Router\Router.php(207): CodeIgniter\Router\Router->checkDisallowedChars('codeigniter(v4)/public/filleul/creer')
 2 SYSTEMPATH\CodeIgniter.php(832): CodeIgniter\Router\Router->handle('codeigniter(v4)/public/filleul/creer')
 3 SYSTEMPATH\CodeIgniter.php(455): CodeIgniter\CodeIgniter->tryToRouteIt(Object(CodeIgniter\Router\RouteCollection))
 4 SYSTEMPATH\CodeIgniter.php(354): CodeIgniter\CodeIgniter->handleRequest(null, Object(Config\Cache), false)
 5 SYSTEMPATH\Boot.php(334): CodeIgniter\CodeIgniter->run()
 6 SYSTEMPATH\Boot.php(67): CodeIgniter\Boot::runCodeIgniter(Object(CodeIgniter\CodeIgniter))
 7 FCPATH\index.php(56): CodeIgniter\Boot::bootWeb(Object(Config\Paths))
CRITICAL - 2025-04-09 01:07:08 --> CodeIgniter\HTTP\Exceptions\BadRequestException: The URI you submitted has disallowed characters: "codeigniter(v4)"
[Method: POST, Route: codeigniter%28v4%29/public/dashboard]
in SYSTEMPATH\Router\Router.php on line 739.
 1 SYSTEMPATH\Router\Router.php(207): CodeIgniter\Router\Router->checkDisallowedChars('codeigniter(v4)/public/dashboard')
 2 SYSTEMPATH\CodeIgniter.php(832): CodeIgniter\Router\Router->handle('codeigniter(v4)/public/dashboard')
 3 SYSTEMPATH\CodeIgniter.php(455): CodeIgniter\CodeIgniter->tryToRouteIt(Object(CodeIgniter\Router\RouteCollection))
 4 SYSTEMPATH\CodeIgniter.php(354): CodeIgniter\CodeIgniter->handleRequest(null, Object(Config\Cache), false)
 5 SYSTEMPATH\Boot.php(334): CodeIgniter\CodeIgniter->run()
 6 SYSTEMPATH\Boot.php(67): CodeIgniter\Boot::runCodeIgniter(Object(CodeIgniter\CodeIgniter))
 7 FCPATH\index.php(56): CodeIgniter\Boot::bootWeb(Object(Config\Paths))
CRITICAL - 2025-04-09 01:07:13 --> CodeIgniter\HTTP\Exceptions\BadRequestException: The URI you submitted has disallowed characters: "codeigniter(v4)"
[Method: GET, Route: codeigniter%28v4%29/public/dashboard]
in SYSTEMPATH\Router\Router.php on line 739.
 1 SYSTEMPATH\Router\Router.php(207): CodeIgniter\Router\Router->checkDisallowedChars('codeigniter(v4)/public/dashboard')
 2 SYSTEMPATH\CodeIgniter.php(832): CodeIgniter\Router\Router->handle('codeigniter(v4)/public/dashboard')
 3 SYSTEMPATH\CodeIgniter.php(455): CodeIgniter\CodeIgniter->tryToRouteIt(Object(CodeIgniter\Router\RouteCollection))
 4 SYSTEMPATH\CodeIgniter.php(354): CodeIgniter\CodeIgniter->handleRequest(null, Object(Config\Cache), false)
 5 SYSTEMPATH\Boot.php(334): CodeIgniter\CodeIgniter->run()
 6 SYSTEMPATH\Boot.php(67): CodeIgniter\Boot::runCodeIgniter(Object(CodeIgniter\CodeIgniter))
 7 FCPATH\index.php(56): CodeIgniter\Boot::bootWeb(Object(Config\Paths))
CRITICAL - 2025-04-09 01:07:16 --> CodeIgniter\HTTP\Exceptions\BadRequestException: The URI you submitted has disallowed characters: "codeigniter(v4)"
[Method: GET, Route: codeigniter%28v4%29/public/parrain/creer]
in SYSTEMPATH\Router\Router.php on line 739.
 1 SYSTEMPATH\Router\Router.php(207): CodeIgniter\Router\Router->checkDisallowedChars('codeigniter(v4)/public/parrain/creer')
 2 SYSTEMPATH\CodeIgniter.php(832): CodeIgniter\Router\Router->handle('codeigniter(v4)/public/parrain/creer')
 3 SYSTEMPATH\CodeIgniter.php(455): CodeIgniter\CodeIgniter->tryToRouteIt(Object(CodeIgniter\Router\RouteCollection))
 4 SYSTEMPATH\CodeIgniter.php(354): CodeIgniter\CodeIgniter->handleRequest(null, Object(Config\Cache), false)
 5 SYSTEMPATH\Boot.php(334): CodeIgniter\CodeIgniter->run()
 6 SYSTEMPATH\Boot.php(67): CodeIgniter\Boot::runCodeIgniter(Object(CodeIgniter\CodeIgniter))
 7 FCPATH\index.php(56): CodeIgniter\Boot::bootWeb(Object(Config\Paths))
CRITICAL - 2025-04-09 01:07:18 --> CodeIgniter\HTTP\Exceptions\BadRequestException: The URI you submitted has disallowed characters: "codeigniter(v4)"
[Method: GET, Route: codeigniter%28v4%29/public/dashboard]
in SYSTEMPATH\Router\Router.php on line 739.
 1 SYSTEMPATH\Router\Router.php(207): CodeIgniter\Router\Router->checkDisallowedChars('codeigniter(v4)/public/dashboard')
 2 SYSTEMPATH\CodeIgniter.php(832): CodeIgniter\Router\Router->handle('codeigniter(v4)/public/dashboard')
 3 SYSTEMPATH\CodeIgniter.php(455): CodeIgniter\CodeIgniter->tryToRouteIt(Object(CodeIgniter\Router\RouteCollection))
 4 SYSTEMPATH\CodeIgniter.php(354): CodeIgniter\CodeIgniter->handleRequest(null, Object(Config\Cache), false)
 5 SYSTEMPATH\Boot.php(334): CodeIgniter\CodeIgniter->run()
 6 SYSTEMPATH\Boot.php(67): CodeIgniter\Boot::runCodeIgniter(Object(CodeIgniter\CodeIgniter))
 7 FCPATH\index.php(56): CodeIgniter\Boot::bootWeb(Object(Config\Paths))
CRITICAL - 2025-04-09 02:47:39 --> CodeIgniter\View\Exceptions\ViewException: Invalid file: "acceuil.php"
[Method: GET, Route: /]
in SYSTEMPATH\Exceptions\FrameworkException.php on line 39.
 1 SYSTEMPATH\View\View.php(212): CodeIgniter\Exceptions\FrameworkException::forInvalidFile('acceuil.php')
 2 SYSTEMPATH\Common.php(1173): CodeIgniter\View\View->render('acceuil', [], true)
 3 APPPATH\Controllers\Home.php(11): view('acceuil')
 4 SYSTEMPATH\CodeIgniter.php(933): App\Controllers\Home->index()
 5 SYSTEMPATH\CodeIgniter.php(507): CodeIgniter\CodeIgniter->runController(Object(App\Controllers\Home))
 6 SYSTEMPATH\CodeIgniter.php(354): CodeIgniter\CodeIgniter->handleRequest(null, Object(Config\Cache), false)
 7 SYSTEMPATH\Boot.php(334): CodeIgniter\CodeIgniter->run()
 8 SYSTEMPATH\Boot.php(67): CodeIgniter\Boot::runCodeIgniter(Object(CodeIgniter\CodeIgniter))
 9 FCPATH\index.php(56): CodeIgniter\Boot::bootWeb(Object(Config\Paths))
CRITICAL - 2025-04-09 02:47:59 --> CodeIgniter\View\Exceptions\ViewException: Invalid file: "/.php"
[Method: GET, Route: /]
in SYSTEMPATH\Exceptions\FrameworkException.php on line 39.
 1 SYSTEMPATH\View\View.php(212): CodeIgniter\Exceptions\FrameworkException::forInvalidFile('/.php')
 2 SYSTEMPATH\Common.php(1173): CodeIgniter\View\View->render('/', [], true)
 3 APPPATH\Controllers\Home.php(11): view('/')
 4 SYSTEMPATH\CodeIgniter.php(933): App\Controllers\Home->index()
 5 SYSTEMPATH\CodeIgniter.php(507): CodeIgniter\CodeIgniter->runController(Object(App\Controllers\Home))
 6 SYSTEMPATH\CodeIgniter.php(354): CodeIgniter\CodeIgniter->handleRequest(null, Object(Config\Cache), false)
 7 SYSTEMPATH\Boot.php(334): CodeIgniter\CodeIgniter->run()
 8 SYSTEMPATH\Boot.php(67): CodeIgniter\Boot::runCodeIgniter(Object(CodeIgniter\CodeIgniter))
 9 FCPATH\index.php(56): CodeIgniter\Boot::bootWeb(Object(Config\Paths))
CRITICAL - 2025-04-09 02:50:48 --> CodeIgniter\View\Exceptions\ViewException: Invalid file: "acceuil.php"
[Method: GET, Route: /]
in SYSTEMPATH\Exceptions\FrameworkException.php on line 39.
 1 SYSTEMPATH\View\View.php(212): CodeIgniter\Exceptions\FrameworkException::forInvalidFile('acceuil.php')
 2 SYSTEMPATH\Common.php(1173): CodeIgniter\View\View->render('acceuil', [], true)
 3 APPPATH\Controllers\Home.php(11): view('acceuil')
 4 SYSTEMPATH\CodeIgniter.php(933): App\Controllers\Home->index()
 5 SYSTEMPATH\CodeIgniter.php(507): CodeIgniter\CodeIgniter->runController(Object(App\Controllers\Home))
 6 SYSTEMPATH\CodeIgniter.php(354): CodeIgniter\CodeIgniter->handleRequest(null, Object(Config\Cache), false)
 7 SYSTEMPATH\Boot.php(334): CodeIgniter\CodeIgniter->run()
 8 SYSTEMPATH\Boot.php(67): CodeIgniter\Boot::runCodeIgniter(Object(CodeIgniter\CodeIgniter))
 9 FCPATH\index.php(56): CodeIgniter\Boot::bootWeb(Object(Config\Paths))
CRITICAL - 2025-04-09 02:50:53 --> CodeIgniter\View\Exceptions\ViewException: Invalid file: "acceuil.php"
[Method: GET, Route: /]
in SYSTEMPATH\Exceptions\FrameworkException.php on line 39.
 1 SYSTEMPATH\View\View.php(212): CodeIgniter\Exceptions\FrameworkException::forInvalidFile('acceuil.php')
 2 SYSTEMPATH\Common.php(1173): CodeIgniter\View\View->render('acceuil', [], true)
 3 APPPATH\Controllers\Home.php(11): view('acceuil')
 4 SYSTEMPATH\CodeIgniter.php(933): App\Controllers\Home->index()
 5 SYSTEMPATH\CodeIgniter.php(507): CodeIgniter\CodeIgniter->runController(Object(App\Controllers\Home))
 6 SYSTEMPATH\CodeIgniter.php(354): CodeIgniter\CodeIgniter->handleRequest(null, Object(Config\Cache), false)
 7 SYSTEMPATH\Boot.php(334): CodeIgniter\CodeIgniter->run()
 8 SYSTEMPATH\Boot.php(67): CodeIgniter\Boot::runCodeIgniter(Object(CodeIgniter\CodeIgniter))
 9 FCPATH\index.php(56): CodeIgniter\Boot::bootWeb(Object(Config\Paths))
CRITICAL - 2025-04-09 02:50:59 --> CodeIgniter\View\Exceptions\ViewException: Invalid file: "acceuil.php"
[Method: GET, Route: /]
in SYSTEMPATH\Exceptions\FrameworkException.php on line 39.
 1 SYSTEMPATH\View\View.php(212): CodeIgniter\Exceptions\FrameworkException::forInvalidFile('acceuil.php')
 2 SYSTEMPATH\Common.php(1173): CodeIgniter\View\View->render('acceuil', [], true)
 3 APPPATH\Controllers\Home.php(11): view('acceuil')
 4 SYSTEMPATH\CodeIgniter.php(933): App\Controllers\Home->index()
 5 SYSTEMPATH\CodeIgniter.php(507): CodeIgniter\CodeIgniter->runController(Object(App\Controllers\Home))
 6 SYSTEMPATH\CodeIgniter.php(354): CodeIgniter\CodeIgniter->handleRequest(null, Object(Config\Cache), false)
 7 SYSTEMPATH\Boot.php(334): CodeIgniter\CodeIgniter->run()
 8 SYSTEMPATH\Boot.php(67): CodeIgniter\Boot::runCodeIgniter(Object(CodeIgniter\CodeIgniter))
 9 FCPATH\index.php(56): CodeIgniter\Boot::bootWeb(Object(Config\Paths))
CRITICAL - 2025-04-09 03:24:14 --> CodeIgniter\View\Exceptions\ViewException: Invalid file: "acceuil.php"
[Method: GET, Route: acceuil]
in SYSTEMPATH\Exceptions\FrameworkException.php on line 39.
 1 SYSTEMPATH\View\View.php(212): CodeIgniter\Exceptions\FrameworkException::forInvalidFile('acceuil.php')
 2 SYSTEMPATH\Common.php(1173): CodeIgniter\View\View->render('acceuil', [], true)
 3 APPPATH\Controllers\Home.php(11): view('acceuil')
 4 SYSTEMPATH\CodeIgniter.php(933): App\Controllers\Home->index()
 5 SYSTEMPATH\CodeIgniter.php(507): CodeIgniter\CodeIgniter->runController(Object(App\Controllers\Home))
 6 SYSTEMPATH\CodeIgniter.php(354): CodeIgniter\CodeIgniter->handleRequest(null, Object(Config\Cache), false)
 7 SYSTEMPATH\Boot.php(334): CodeIgniter\CodeIgniter->run()
 8 SYSTEMPATH\Boot.php(67): CodeIgniter\Boot::runCodeIgniter(Object(CodeIgniter\CodeIgniter))
 9 FCPATH\index.php(56): CodeIgniter\Boot::bootWeb(Object(Config\Paths))
CRITICAL - 2025-04-09 04:00:30 --> CodeIgniter\View\Exceptions\ViewException: Invalid file: "layouts/template.php"
[Method: GET, Route: page]
in SYSTEMPATH\Exceptions\FrameworkException.php on line 39.
 1 SYSTEMPATH\View\View.php(212): CodeIgniter\Exceptions\FrameworkException::forInvalidFile('layouts/template.php')
 2 SYSTEMPATH\View\View.php(240): CodeIgniter\View\View->render('layouts/template', [], true)
 3 SYSTEMPATH\Common.php(1173): CodeIgniter\View\View->render('page', [], true)
 4 APPPATH\Controllers\Home.php(11): view('page')
 5 SYSTEMPATH\CodeIgniter.php(933): App\Controllers\Home->index()
 6 SYSTEMPATH\CodeIgniter.php(507): CodeIgniter\CodeIgniter->runController(Object(App\Controllers\Home))
 7 SYSTEMPATH\CodeIgniter.php(354): CodeIgniter\CodeIgniter->handleRequest(null, Object(Config\Cache), false)
 8 SYSTEMPATH\Boot.php(334): CodeIgniter\CodeIgniter->run()
 9 SYSTEMPATH\Boot.php(67): CodeIgniter\Boot::runCodeIgniter(Object(CodeIgniter\CodeIgniter))
10 FCPATH\index.php(56): CodeIgniter\Boot::bootWeb(Object(Config\Paths))
CRITICAL - 2025-04-09 04:16:16 --> CodeIgniter\View\Exceptions\ViewException: Invalid file: "layouts/template.php"
[Method: GET, Route: page]
in SYSTEMPATH\Exceptions\FrameworkException.php on line 39.
 1 SYSTEMPATH\View\View.php(212): CodeIgniter\Exceptions\FrameworkException::forInvalidFile('layouts/template.php')
 2 SYSTEMPATH\View\View.php(240): CodeIgniter\View\View->render('layouts/template', [], true)
 3 SYSTEMPATH\Common.php(1173): CodeIgniter\View\View->render('page', [], true)
 4 APPPATH\Controllers\Home.php(11): view('page')
 5 SYSTEMPATH\CodeIgniter.php(933): App\Controllers\Home->index()
 6 SYSTEMPATH\CodeIgniter.php(507): CodeIgniter\CodeIgniter->runController(Object(App\Controllers\Home))
 7 SYSTEMPATH\CodeIgniter.php(354): CodeIgniter\CodeIgniter->handleRequest(null, Object(Config\Cache), false)
 8 SYSTEMPATH\Boot.php(334): CodeIgniter\CodeIgniter->run()
 9 SYSTEMPATH\Boot.php(67): CodeIgniter\Boot::runCodeIgniter(Object(CodeIgniter\CodeIgniter))
10 FCPATH\index.php(56): CodeIgniter\Boot::bootWeb(Object(Config\Paths))
CRITICAL - 2025-04-09 04:16:22 --> CodeIgniter\View\Exceptions\ViewException: Invalid file: "layouts/template.php"
[Method: GET, Route: page]
in SYSTEMPATH\Exceptions\FrameworkException.php on line 39.
 1 SYSTEMPATH\View\View.php(212): CodeIgniter\Exceptions\FrameworkException::forInvalidFile('layouts/template.php')
 2 SYSTEMPATH\View\View.php(240): CodeIgniter\View\View->render('layouts/template', [], true)
 3 SYSTEMPATH\Common.php(1173): CodeIgniter\View\View->render('page', [], true)
 4 APPPATH\Controllers\Home.php(11): view('page')
 5 SYSTEMPATH\CodeIgniter.php(933): App\Controllers\Home->index()
 6 SYSTEMPATH\CodeIgniter.php(507): CodeIgniter\CodeIgniter->runController(Object(App\Controllers\Home))
 7 SYSTEMPATH\CodeIgniter.php(354): CodeIgniter\CodeIgniter->handleRequest(null, Object(Config\Cache), false)
 8 SYSTEMPATH\Boot.php(334): CodeIgniter\CodeIgniter->run()
 9 SYSTEMPATH\Boot.php(67): CodeIgniter\Boot::runCodeIgniter(Object(CodeIgniter\CodeIgniter))
10 FCPATH\index.php(56): CodeIgniter\Boot::bootWeb(Object(Config\Paths))
CRITICAL - 2025-04-09 04:47:10 --> CodeIgniter\View\Exceptions\ViewException: Invalid file: "layouts/template.php"
[Method: GET, Route: page]
in SYSTEMPATH\Exceptions\FrameworkException.php on line 39.
 1 SYSTEMPATH\View\View.php(212): CodeIgniter\Exceptions\FrameworkException::forInvalidFile('layouts/template.php')
 2 SYSTEMPATH\View\View.php(240): CodeIgniter\View\View->render('layouts/template', [], true)
 3 SYSTEMPATH\Common.php(1173): CodeIgniter\View\View->render('page', [], true)
 4 APPPATH\Controllers\Home.php(11): view('page')
 5 SYSTEMPATH\CodeIgniter.php(933): App\Controllers\Home->index()
 6 SYSTEMPATH\CodeIgniter.php(507): CodeIgniter\CodeIgniter->runController(Object(App\Controllers\Home))
 7 SYSTEMPATH\CodeIgniter.php(354): CodeIgniter\CodeIgniter->handleRequest(null, Object(Config\Cache), false)
 8 SYSTEMPATH\Boot.php(334): CodeIgniter\CodeIgniter->run()
 9 SYSTEMPATH\Boot.php(67): CodeIgniter\Boot::runCodeIgniter(Object(CodeIgniter\CodeIgniter))
10 FCPATH\index.php(56): CodeIgniter\Boot::bootWeb(Object(Config\Paths))
ERROR - 2025-04-09 04:59:36 --> mysqli_sql_exception: Champ 'prenom' inconnu dans field list in C:\wamp64\www\codeigniterv4\system\Database\MySQLi\Connection.php:327
Stack trace:
#0 C:\wamp64\www\codeigniterv4\system\Database\MySQLi\Connection.php(327): mysqli->query('INSERT INTO `fi...', 0)
#1 C:\wamp64\www\codeigniterv4\system\Database\BaseConnection.php(738): CodeIgniter\Database\MySQLi\Connection->execute('INSERT INTO `fi...')
#2 C:\wamp64\www\codeigniterv4\system\Database\BaseConnection.php(652): CodeIgniter\Database\BaseConnection->simpleQuery('INSERT INTO `fi...')
#3 C:\wamp64\www\codeigniterv4\system\Database\BaseBuilder.php(2345): CodeIgniter\Database\BaseConnection->query('INSERT INTO `fi...', Array, false)
#4 C:\wamp64\www\codeigniterv4\system\Model.php(394): CodeIgniter\Database\BaseBuilder->insert()
#5 C:\wamp64\www\codeigniterv4\system\BaseModel.php(839): CodeIgniter\Model->doInsert(Array)
#6 C:\wamp64\www\codeigniterv4\system\Model.php(800): CodeIgniter\BaseModel->insert(Array, false)
#7 C:\wamp64\www\codeigniterv4\system\BaseModel.php(750): CodeIgniter\Model->insert(Array, false)
#8 C:\wamp64\www\codeigniterv4\app\Controllers\Filleul.php(45): CodeIgniter\BaseModel->save(Array)
#9 C:\wamp64\www\codeigniterv4\system\CodeIgniter.php(933): App\Controllers\Filleul->ajout_f()
#10 C:\wamp64\www\codeigniterv4\system\CodeIgniter.php(507): CodeIgniter\CodeIgniter->runController(Object(App\Controllers\Filleul))
#11 C:\wamp64\www\codeigniterv4\system\CodeIgniter.php(354): CodeIgniter\CodeIgniter->handleRequest(NULL, Object(Config\Cache), false)
#12 C:\wamp64\www\codeigniterv4\system\Boot.php(334): CodeIgniter\CodeIgniter->run()
#13 C:\wamp64\www\codeigniterv4\system\Boot.php(67): CodeIgniter\Boot::runCodeIgniter(Object(CodeIgniter\CodeIgniter))
#14 C:\wamp64\www\codeigniterv4\public\index.php(56): CodeIgniter\Boot::bootWeb(Object(Config\Paths))
#15 {main}
ERROR - 2025-04-09 05:03:21 --> mysqli_sql_exception: Champ 'prenom' inconnu dans field list in C:\wamp64\www\codeigniterv4\system\Database\MySQLi\Connection.php:327
Stack trace:
#0 C:\wamp64\www\codeigniterv4\system\Database\MySQLi\Connection.php(327): mysqli->query('INSERT INTO `fi...', 0)
#1 C:\wamp64\www\codeigniterv4\system\Database\BaseConnection.php(738): CodeIgniter\Database\MySQLi\Connection->execute('INSERT INTO `fi...')
#2 C:\wamp64\www\codeigniterv4\system\Database\BaseConnection.php(652): CodeIgniter\Database\BaseConnection->simpleQuery('INSERT INTO `fi...')
#3 C:\wamp64\www\codeigniterv4\system\Database\BaseBuilder.php(2345): CodeIgniter\Database\BaseConnection->query('INSERT INTO `fi...', Array, false)
#4 C:\wamp64\www\codeigniterv4\system\Model.php(394): CodeIgniter\Database\BaseBuilder->insert()
#5 C:\wamp64\www\codeigniterv4\system\BaseModel.php(839): CodeIgniter\Model->doInsert(Array)
#6 C:\wamp64\www\codeigniterv4\system\Model.php(800): CodeIgniter\BaseModel->insert(Array, false)
#7 C:\wamp64\www\codeigniterv4\system\BaseModel.php(750): CodeIgniter\Model->insert(Array, false)
#8 C:\wamp64\www\codeigniterv4\app\Controllers\Filleul.php(45): CodeIgniter\BaseModel->save(Array)
#9 C:\wamp64\www\codeigniterv4\system\CodeIgniter.php(933): App\Controllers\Filleul->ajout_f()
#10 C:\wamp64\www\codeigniterv4\system\CodeIgniter.php(507): CodeIgniter\CodeIgniter->runController(Object(App\Controllers\Filleul))
#11 C:\wamp64\www\codeigniterv4\system\CodeIgniter.php(354): CodeIgniter\CodeIgniter->handleRequest(NULL, Object(Config\Cache), false)
#12 C:\wamp64\www\codeigniterv4\system\Boot.php(334): CodeIgniter\CodeIgniter->run()
#13 C:\wamp64\www\codeigniterv4\system\Boot.php(67): CodeIgniter\Boot::runCodeIgniter(Object(CodeIgniter\CodeIgniter))
#14 C:\wamp64\www\codeigniterv4\public\index.php(56): CodeIgniter\Boot::bootWeb(Object(Config\Paths))
#15 {main}
CRITICAL - 2025-04-09 05:14:47 --> CodeIgniter\View\Exceptions\ViewException: Invalid file: "layouts/template.php"
[Method: GET, Route: binome]
in SYSTEMPATH\Exceptions\FrameworkException.php on line 39.
 1 SYSTEMPATH\View\View.php(212): CodeIgniter\Exceptions\FrameworkException::forInvalidFile('layouts/template.php')
 2 SYSTEMPATH\View\View.php(240): CodeIgniter\View\View->render('layouts/template', [], true)
 3 SYSTEMPATH\Common.php(1173): CodeIgniter\View\View->render('binome', [], true)
 4 APPPATH\Controllers\Dashboard.php(29): view('binome', [...])
 5 SYSTEMPATH\CodeIgniter.php(933): App\Controllers\Dashboard->index()
 6 SYSTEMPATH\CodeIgniter.php(507): CodeIgniter\CodeIgniter->runController(Object(App\Controllers\Dashboard))
 7 SYSTEMPATH\CodeIgniter.php(354): CodeIgniter\CodeIgniter->handleRequest(null, Object(Config\Cache), false)
 8 SYSTEMPATH\Boot.php(334): CodeIgniter\CodeIgniter->run()
 9 SYSTEMPATH\Boot.php(67): CodeIgniter\Boot::runCodeIgniter(Object(CodeIgniter\CodeIgniter))
10 FCPATH\index.php(56): CodeIgniter\Boot::bootWeb(Object(Config\Paths))
CRITICAL - 2025-04-09 05:15:01 --> CodeIgniter\View\Exceptions\ViewException: Invalid file: "layouts/template.php"
[Method: GET, Route: binome]
in SYSTEMPATH\Exceptions\FrameworkException.php on line 39.
 1 SYSTEMPATH\View\View.php(212): CodeIgniter\Exceptions\FrameworkException::forInvalidFile('layouts/template.php')
 2 SYSTEMPATH\View\View.php(240): CodeIgniter\View\View->render('layouts/template', [], true)
 3 SYSTEMPATH\Common.php(1173): CodeIgniter\View\View->render('binome', [], true)
 4 APPPATH\Controllers\Dashboard.php(29): view('binome', [...])
 5 SYSTEMPATH\CodeIgniter.php(933): App\Controllers\Dashboard->index()
 6 SYSTEMPATH\CodeIgniter.php(507): CodeIgniter\CodeIgniter->runController(Object(App\Controllers\Dashboard))
 7 SYSTEMPATH\CodeIgniter.php(354): CodeIgniter\CodeIgniter->handleRequest(null, Object(Config\Cache), false)
 8 SYSTEMPATH\Boot.php(334): CodeIgniter\CodeIgniter->run()
 9 SYSTEMPATH\Boot.php(67): CodeIgniter\Boot::runCodeIgniter(Object(CodeIgniter\CodeIgniter))
10 FCPATH\index.php(56): CodeIgniter\Boot::bootWeb(Object(Config\Paths))
CRITICAL - 2025-04-09 05:15:05 --> CodeIgniter\View\Exceptions\ViewException: Invalid file: "layouts/template.php"
[Method: GET, Route: binome]
in SYSTEMPATH\Exceptions\FrameworkException.php on line 39.
 1 SYSTEMPATH\View\View.php(212): CodeIgniter\Exceptions\FrameworkException::forInvalidFile('layouts/template.php')
 2 SYSTEMPATH\View\View.php(240): CodeIgniter\View\View->render('layouts/template', [], true)
 3 SYSTEMPATH\Common.php(1173): CodeIgniter\View\View->render('binome', [], true)
 4 APPPATH\Controllers\Dashboard.php(29): view('binome', [...])
 5 SYSTEMPATH\CodeIgniter.php(933): App\Controllers\Dashboard->index()
 6 SYSTEMPATH\CodeIgniter.php(507): CodeIgniter\CodeIgniter->runController(Object(App\Controllers\Dashboard))
 7 SYSTEMPATH\CodeIgniter.php(354): CodeIgniter\CodeIgniter->handleRequest(null, Object(Config\Cache), false)
 8 SYSTEMPATH\Boot.php(334): CodeIgniter\CodeIgniter->run()
 9 SYSTEMPATH\Boot.php(67): CodeIgniter\Boot::runCodeIgniter(Object(CodeIgniter\CodeIgniter))
10 FCPATH\index.php(56): CodeIgniter\Boot::bootWeb(Object(Config\Paths))
CRITICAL - 2025-04-09 05:15:13 --> CodeIgniter\View\Exceptions\ViewException: Invalid file: "layouts/template.php"
[Method: GET, Route: binome]
in SYSTEMPATH\Exceptions\FrameworkException.php on line 39.
 1 SYSTEMPATH\View\View.php(212): CodeIgniter\Exceptions\FrameworkException::forInvalidFile('layouts/template.php')
 2 SYSTEMPATH\View\View.php(240): CodeIgniter\View\View->render('layouts/template', [], true)
 3 SYSTEMPATH\Common.php(1173): CodeIgniter\View\View->render('binome', [], true)
 4 APPPATH\Controllers\Dashboard.php(29): view('binome', [...])
 5 SYSTEMPATH\CodeIgniter.php(933): App\Controllers\Dashboard->index()
 6 SYSTEMPATH\CodeIgniter.php(507): CodeIgniter\CodeIgniter->runController(Object(App\Controllers\Dashboard))
 7 SYSTEMPATH\CodeIgniter.php(354): CodeIgniter\CodeIgniter->handleRequest(null, Object(Config\Cache), false)
 8 SYSTEMPATH\Boot.php(334): CodeIgniter\CodeIgniter->run()
 9 SYSTEMPATH\Boot.php(67): CodeIgniter\Boot::runCodeIgniter(Object(CodeIgniter\CodeIgniter))
10 FCPATH\index.php(56): CodeIgniter\Boot::bootWeb(Object(Config\Paths))
CRITICAL - 2025-04-09 05:19:35 --> CodeIgniter\View\Exceptions\ViewException: Invalid file: "layouts/template.php"
[Method: GET, Route: binome]
in SYSTEMPATH\Exceptions\FrameworkException.php on line 39.
 1 SYSTEMPATH\View\View.php(212): CodeIgniter\Exceptions\FrameworkException::forInvalidFile('layouts/template.php')
 2 SYSTEMPATH\View\View.php(240): CodeIgniter\View\View->render('layouts/template', [], true)
 3 SYSTEMPATH\Common.php(1173): CodeIgniter\View\View->render('binome', [], true)
 4 APPPATH\Controllers\Dashboard.php(29): view('binome', [...])
 5 SYSTEMPATH\CodeIgniter.php(933): App\Controllers\Dashboard->index()
 6 SYSTEMPATH\CodeIgniter.php(507): CodeIgniter\CodeIgniter->runController(Object(App\Controllers\Dashboard))
 7 SYSTEMPATH\CodeIgniter.php(354): CodeIgniter\CodeIgniter->handleRequest(null, Object(Config\Cache), false)
 8 SYSTEMPATH\Boot.php(334): CodeIgniter\CodeIgniter->run()
 9 SYSTEMPATH\Boot.php(67): CodeIgniter\Boot::runCodeIgniter(Object(CodeIgniter\CodeIgniter))
10 FCPATH\index.php(56): CodeIgniter\Boot::bootWeb(Object(Config\Paths))
CRITICAL - 2025-04-09 05:19:50 --> CodeIgniter\View\Exceptions\ViewException: Invalid file: "layouts/template.php"
[Method: GET, Route: binome]
in SYSTEMPATH\Exceptions\FrameworkException.php on line 39.
 1 SYSTEMPATH\View\View.php(212): CodeIgniter\Exceptions\FrameworkException::forInvalidFile('layouts/template.php')
 2 SYSTEMPATH\View\View.php(240): CodeIgniter\View\View->render('layouts/template', [], true)
 3 SYSTEMPATH\Common.php(1173): CodeIgniter\View\View->render('binome', [], true)
 4 APPPATH\Controllers\Dashboard.php(29): view('binome', [...])
 5 SYSTEMPATH\CodeIgniter.php(933): App\Controllers\Dashboard->index()
 6 SYSTEMPATH\CodeIgniter.php(507): CodeIgniter\CodeIgniter->runController(Object(App\Controllers\Dashboard))
 7 SYSTEMPATH\CodeIgniter.php(354): CodeIgniter\CodeIgniter->handleRequest(null, Object(Config\Cache), false)
 8 SYSTEMPATH\Boot.php(334): CodeIgniter\CodeIgniter->run()
 9 SYSTEMPATH\Boot.php(67): CodeIgniter\Boot::runCodeIgniter(Object(CodeIgniter\CodeIgniter))
10 FCPATH\index.php(56): CodeIgniter\Boot::bootWeb(Object(Config\Paths))
CRITICAL - 2025-04-09 05:22:21 --> CodeIgniter\View\Exceptions\ViewException: Invalid file: "layouts/template.php"
[Method: GET, Route: binome]
in SYSTEMPATH\Exceptions\FrameworkException.php on line 39.
 1 SYSTEMPATH\View\View.php(212): CodeIgniter\Exceptions\FrameworkException::forInvalidFile('layouts/template.php')
 2 SYSTEMPATH\View\View.php(240): CodeIgniter\View\View->render('layouts/template', [], true)
 3 SYSTEMPATH\Common.php(1173): CodeIgniter\View\View->render('binome', [], true)
 4 APPPATH\Controllers\Dashboard.php(29): view('binome', [...])
 5 SYSTEMPATH\CodeIgniter.php(933): App\Controllers\Dashboard->index()
 6 SYSTEMPATH\CodeIgniter.php(507): CodeIgniter\CodeIgniter->runController(Object(App\Controllers\Dashboard))
 7 SYSTEMPATH\CodeIgniter.php(354): CodeIgniter\CodeIgniter->handleRequest(null, Object(Config\Cache), false)
 8 SYSTEMPATH\Boot.php(334): CodeIgniter\CodeIgniter->run()
 9 SYSTEMPATH\Boot.php(67): CodeIgniter\Boot::runCodeIgniter(Object(CodeIgniter\CodeIgniter))
10 FCPATH\index.php(56): CodeIgniter\Boot::bootWeb(Object(Config\Paths))
CRITICAL - 2025-04-09 05:29:23 --> CodeIgniter\View\Exceptions\ViewException: Invalid file: "layouts/template.php"
[Method: GET, Route: binomes]
in SYSTEMPATH\Exceptions\FrameworkException.php on line 39.
 1 SYSTEMPATH\View\View.php(212): CodeIgniter\Exceptions\FrameworkException::forInvalidFile('layouts/template.php')
 2 SYSTEMPATH\View\View.php(240): CodeIgniter\View\View->render('layouts/template', [], true)
 3 SYSTEMPATH\Common.php(1173): CodeIgniter\View\View->render('binomes', [], true)
 4 APPPATH\Controllers\Dashboard.php(105): view('binomes', [...])
 5 SYSTEMPATH\CodeIgniter.php(933): App\Controllers\Dashboard->afficherBinomes()
 6 SYSTEMPATH\CodeIgniter.php(507): CodeIgniter\CodeIgniter->runController(Object(App\Controllers\Dashboard))
 7 SYSTEMPATH\CodeIgniter.php(354): CodeIgniter\CodeIgniter->handleRequest(null, Object(Config\Cache), false)
 8 SYSTEMPATH\Boot.php(334): CodeIgniter\CodeIgniter->run()
 9 SYSTEMPATH\Boot.php(67): CodeIgniter\Boot::runCodeIgniter(Object(CodeIgniter\CodeIgniter))
10 FCPATH\index.php(56): CodeIgniter\Boot::bootWeb(Object(Config\Paths))
CRITICAL - 2025-04-09 05:31:16 --> CodeIgniter\View\Exceptions\ViewException: Invalid file: "layouts/template.php"
[Method: GET, Route: binomes]
in SYSTEMPATH\Exceptions\FrameworkException.php on line 39.
 1 SYSTEMPATH\View\View.php(212): CodeIgniter\Exceptions\FrameworkException::forInvalidFile('layouts/template.php')
 2 SYSTEMPATH\View\View.php(240): CodeIgniter\View\View->render('layouts/template', [], true)
 3 SYSTEMPATH\Common.php(1173): CodeIgniter\View\View->render('binomes', [], true)
 4 APPPATH\Controllers\Dashboard.php(105): view('binomes', [...])
 5 SYSTEMPATH\CodeIgniter.php(933): App\Controllers\Dashboard->afficherBinomes()
 6 SYSTEMPATH\CodeIgniter.php(507): CodeIgniter\CodeIgniter->runController(Object(App\Controllers\Dashboard))
 7 SYSTEMPATH\CodeIgniter.php(354): CodeIgniter\CodeIgniter->handleRequest(null, Object(Config\Cache), false)
 8 SYSTEMPATH\Boot.php(334): CodeIgniter\CodeIgniter->run()
 9 SYSTEMPATH\Boot.php(67): CodeIgniter\Boot::runCodeIgniter(Object(CodeIgniter\CodeIgniter))
10 FCPATH\index.php(56): CodeIgniter\Boot::bootWeb(Object(Config\Paths))
CRITICAL - 2025-04-09 06:41:54 --> CodeIgniter\View\Exceptions\ViewException: Invalid file: "layouts/template.php"
[Method: GET, Route: binomes]
in SYSTEMPATH\Exceptions\FrameworkException.php on line 39.
 1 SYSTEMPATH\View\View.php(212): CodeIgniter\Exceptions\FrameworkException::forInvalidFile('layouts/template.php')
 2 SYSTEMPATH\View\View.php(240): CodeIgniter\View\View->render('layouts/template', [], true)
 3 SYSTEMPATH\Common.php(1173): CodeIgniter\View\View->render('binome', [], true)
 4 APPPATH\Controllers\Dashboard.php(30): view('binome', [...])
 5 SYSTEMPATH\CodeIgniter.php(933): App\Controllers\Dashboard->index()
 6 SYSTEMPATH\CodeIgniter.php(507): CodeIgniter\CodeIgniter->runController(Object(App\Controllers\Dashboard))
 7 SYSTEMPATH\CodeIgniter.php(354): CodeIgniter\CodeIgniter->handleRequest(null, Object(Config\Cache), false)
 8 SYSTEMPATH\Boot.php(334): CodeIgniter\CodeIgniter->run()
 9 SYSTEMPATH\Boot.php(67): CodeIgniter\Boot::runCodeIgniter(Object(CodeIgniter\CodeIgniter))
10 FCPATH\index.php(56): CodeIgniter\Boot::bootWeb(Object(Config\Paths))
ERROR - 2025-04-09 08:28:02 --> mysqli_sql_exception: Champ 'prenom' inconnu dans field list in C:\wamp64\www\codeigniterv4\system\Database\MySQLi\Connection.php:327
Stack trace:
#0 C:\wamp64\www\codeigniterv4\system\Database\MySQLi\Connection.php(327): mysqli->query('INSERT INTO `fi...', 0)
#1 C:\wamp64\www\codeigniterv4\system\Database\BaseConnection.php(738): CodeIgniter\Database\MySQLi\Connection->execute('INSERT INTO `fi...')
#2 C:\wamp64\www\codeigniterv4\system\Database\BaseConnection.php(652): CodeIgniter\Database\BaseConnection->simpleQuery('INSERT INTO `fi...')
#3 C:\wamp64\www\codeigniterv4\system\Database\BaseBuilder.php(2345): CodeIgniter\Database\BaseConnection->query('INSERT INTO `fi...', Array, false)
#4 C:\wamp64\www\codeigniterv4\system\Model.php(394): CodeIgniter\Database\BaseBuilder->insert()
#5 C:\wamp64\www\codeigniterv4\system\BaseModel.php(839): CodeIgniter\Model->doInsert(Array)
#6 C:\wamp64\www\codeigniterv4\system\Model.php(800): CodeIgniter\BaseModel->insert(Array, false)
#7 C:\wamp64\www\codeigniterv4\system\BaseModel.php(750): CodeIgniter\Model->insert(Array, false)
#8 C:\wamp64\www\codeigniterv4\app\Controllers\Filleul.php(45): CodeIgniter\BaseModel->save(Array)
#9 C:\wamp64\www\codeigniterv4\system\CodeIgniter.php(933): App\Controllers\Filleul->ajout_f()
#10 C:\wamp64\www\codeigniterv4\system\CodeIgniter.php(507): CodeIgniter\CodeIgniter->runController(Object(App\Controllers\Filleul))
#11 C:\wamp64\www\codeigniterv4\system\CodeIgniter.php(354): CodeIgniter\CodeIgniter->handleRequest(NULL, Object(Config\Cache), false)
#12 C:\wamp64\www\codeigniterv4\system\Boot.php(334): CodeIgniter\CodeIgniter->run()
#13 C:\wamp64\www\codeigniterv4\system\Boot.php(67): CodeIgniter\Boot::runCodeIgniter(Object(CodeIgniter\CodeIgniter))
#14 C:\wamp64\www\codeigniterv4\public\index.php(56): CodeIgniter\Boot::bootWeb(Object(Config\Paths))
#15 {main}
ERROR - 2025-04-09 09:27:13 --> mysqli_sql_exception: Champ 'prenom' inconnu dans field list in C:\wamp64\www\codeigniterv4\system\Database\MySQLi\Connection.php:327
Stack trace:
#0 C:\wamp64\www\codeigniterv4\system\Database\MySQLi\Connection.php(327): mysqli->query('INSERT INTO `fi...', 0)
#1 C:\wamp64\www\codeigniterv4\system\Database\BaseConnection.php(738): CodeIgniter\Database\MySQLi\Connection->execute('INSERT INTO `fi...')
#2 C:\wamp64\www\codeigniterv4\system\Database\BaseConnection.php(652): CodeIgniter\Database\BaseConnection->simpleQuery('INSERT INTO `fi...')
#3 C:\wamp64\www\codeigniterv4\system\Database\BaseBuilder.php(2345): CodeIgniter\Database\BaseConnection->query('INSERT INTO `fi...', Array, false)
#4 C:\wamp64\www\codeigniterv4\system\Model.php(394): CodeIgniter\Database\BaseBuilder->insert()
#5 C:\wamp64\www\codeigniterv4\system\BaseModel.php(839): CodeIgniter\Model->doInsert(Array)
#6 C:\wamp64\www\codeigniterv4\system\Model.php(800): CodeIgniter\BaseModel->insert(Array, false)
#7 C:\wamp64\www\codeigniterv4\system\BaseModel.php(750): CodeIgniter\Model->insert(Array, false)
#8 C:\wamp64\www\codeigniterv4\app\Controllers\Filleul.php(45): CodeIgniter\BaseModel->save(Array)
#9 C:\wamp64\www\codeigniterv4\system\CodeIgniter.php(933): App\Controllers\Filleul->ajout_f()
#10 C:\wamp64\www\codeigniterv4\system\CodeIgniter.php(507): CodeIgniter\CodeIgniter->runController(Object(App\Controllers\Filleul))
#11 C:\wamp64\www\codeigniterv4\system\CodeIgniter.php(354): CodeIgniter\CodeIgniter->handleRequest(NULL, Object(Config\Cache), false)
#12 C:\wamp64\www\codeigniterv4\system\Boot.php(334): CodeIgniter\CodeIgniter->run()
#13 C:\wamp64\www\codeigniterv4\system\Boot.php(67): CodeIgniter\Boot::runCodeIgniter(Object(CodeIgniter\CodeIgniter))
#14 C:\wamp64\www\codeigniterv4\public\index.php(56): CodeIgniter\Boot::bootWeb(Object(Config\Paths))
#15 {main}
ERROR - 2025-04-09 09:47:10 --> mysqli_sql_exception: Champ 'prenom' inconnu dans field list in C:\wamp64\www\codeigniterv4\system\Database\MySQLi\Connection.php:327
Stack trace:
#0 C:\wamp64\www\codeigniterv4\system\Database\MySQLi\Connection.php(327): mysqli->query('INSERT INTO `fi...', 0)
#1 C:\wamp64\www\codeigniterv4\system\Database\BaseConnection.php(738): CodeIgniter\Database\MySQLi\Connection->execute('INSERT INTO `fi...')
#2 C:\wamp64\www\codeigniterv4\system\Database\BaseConnection.php(652): CodeIgniter\Database\BaseConnection->simpleQuery('INSERT INTO `fi...')
#3 C:\wamp64\www\codeigniterv4\system\Database\BaseBuilder.php(2345): CodeIgniter\Database\BaseConnection->query('INSERT INTO `fi...', Array, false)
#4 C:\wamp64\www\codeigniterv4\system\Model.php(394): CodeIgniter\Database\BaseBuilder->insert()
#5 C:\wamp64\www\codeigniterv4\system\BaseModel.php(839): CodeIgniter\Model->doInsert(Array)
#6 C:\wamp64\www\codeigniterv4\system\Model.php(800): CodeIgniter\BaseModel->insert(Array, false)
#7 C:\wamp64\www\codeigniterv4\system\BaseModel.php(750): CodeIgniter\Model->insert(Array, false)
#8 C:\wamp64\www\codeigniterv4\app\Controllers\Filleul.php(45): CodeIgniter\BaseModel->save(Array)
#9 C:\wamp64\www\codeigniterv4\system\CodeIgniter.php(933): App\Controllers\Filleul->ajout_f()
#10 C:\wamp64\www\codeigniterv4\system\CodeIgniter.php(507): CodeIgniter\CodeIgniter->runController(Object(App\Controllers\Filleul))
#11 C:\wamp64\www\codeigniterv4\system\CodeIgniter.php(354): CodeIgniter\CodeIgniter->handleRequest(NULL, Object(Config\Cache), false)
#12 C:\wamp64\www\codeigniterv4\system\Boot.php(334): CodeIgniter\CodeIgniter->run()
#13 C:\wamp64\www\codeigniterv4\system\Boot.php(67): CodeIgniter\Boot::runCodeIgniter(Object(CodeIgniter\CodeIgniter))
#14 C:\wamp64\www\codeigniterv4\public\index.php(56): CodeIgniter\Boot::bootWeb(Object(Config\Paths))
#15 {main}
