ERROR - 2025-05-21 20:33:50 --> Error connecting to the database: mysqli_sql_exception: Base 'binomage_db' inconnue in C:\wamp64\www\codeigniterv4\system\Database\MySQLi\Connection.php:201
Stack trace:
#0 C:\wamp64\www\codeigniterv4\system\Database\MySQLi\Connection.php(201): mysqli->real_connect('localhost', 'root', Object(SensitiveParameterValue), 'binomage_db', 3306, '', 0)
#1 C:\wamp64\www\codeigniterv4\system\Database\BaseConnection.php(421): CodeIgniter\Database\MySQLi\Connection->connect(false)
#2 C:\wamp64\www\codeigniterv4\system\Database\BaseConnection.php(620): CodeIgniter\Database\BaseConnection->initialize()
#3 C:\wamp64\www\codeigniterv4\system\Database\BaseBuilder.php(1649): CodeIgniter\Database\BaseConnection->query('SELECT *\nFROM `...', Array, false)
#4 C:\wamp64\www\codeigniterv4\system\Model.php(286): CodeIgniter\Database\BaseBuilder->get()
#5 C:\wamp64\www\codeigniterv4\system\BaseModel.php(675): CodeIgniter\Model->doFindAll(0, 0)
#6 C:\wamp64\www\codeigniterv4\app\Controllers\Dashboard.php(201): CodeIgniter\BaseModel->findAll()
#7 C:\wamp64\www\codeigniterv4\system\CodeIgniter.php(933): App\Controllers\Dashboard->listeEtudiants()
#8 C:\wamp64\www\codeigniterv4\system\CodeIgniter.php(507): CodeIgniter\CodeIgniter->runController(Object(App\Controllers\Dashboard))
#9 C:\wamp64\www\codeigniterv4\system\CodeIgniter.php(354): CodeIgniter\CodeIgniter->handleRequest(NULL, Object(Config\Cache), false)
#10 C:\wamp64\www\codeigniterv4\system\Boot.php(334): CodeIgniter\CodeIgniter->run()
#11 C:\wamp64\www\codeigniterv4\system\Boot.php(67): CodeIgniter\Boot::runCodeIgniter(Object(CodeIgniter\CodeIgniter))
#12 C:\wamp64\www\codeigniterv4\public\index.php(56): CodeIgniter\Boot::bootWeb(Object(Config\Paths))
#13 {main}

Next CodeIgniter\Database\Exceptions\DatabaseException: Base 'binomage_db' inconnue in C:\wamp64\www\codeigniterv4\system\Database\MySQLi\Connection.php:246
Stack trace:
#0 C:\wamp64\www\codeigniterv4\system\Database\BaseConnection.php(421): CodeIgniter\Database\MySQLi\Connection->connect(false)
#1 C:\wamp64\www\codeigniterv4\system\Database\BaseConnection.php(620): CodeIgniter\Database\BaseConnection->initialize()
#2 C:\wamp64\www\codeigniterv4\system\Database\BaseBuilder.php(1649): CodeIgniter\Database\BaseConnection->query('SELECT *\nFROM `...', Array, false)
#3 C:\wamp64\www\codeigniterv4\system\Model.php(286): CodeIgniter\Database\BaseBuilder->get()
#4 C:\wamp64\www\codeigniterv4\system\BaseModel.php(675): CodeIgniter\Model->doFindAll(0, 0)
#5 C:\wamp64\www\codeigniterv4\app\Controllers\Dashboard.php(201): CodeIgniter\BaseModel->findAll()
#6 C:\wamp64\www\codeigniterv4\system\CodeIgniter.php(933): App\Controllers\Dashboard->listeEtudiants()
#7 C:\wamp64\www\codeigniterv4\system\CodeIgniter.php(507): CodeIgniter\CodeIgniter->runController(Object(App\Controllers\Dashboard))
#8 C:\wamp64\www\codeigniterv4\system\CodeIgniter.php(354): CodeIgniter\CodeIgniter->handleRequest(NULL, Object(Config\Cache), false)
#9 C:\wamp64\www\codeigniterv4\system\Boot.php(334): CodeIgniter\CodeIgniter->run()
#10 C:\wamp64\www\codeigniterv4\system\Boot.php(67): CodeIgniter\Boot::runCodeIgniter(Object(CodeIgniter\CodeIgniter))
#11 C:\wamp64\www\codeigniterv4\public\index.php(56): CodeIgniter\Boot::bootWeb(Object(Config\Paths))
#12 {main}
CRITICAL - 2025-05-21 20:33:50 --> CodeIgniter\Database\Exceptions\DatabaseException: Unable to connect to the database.
Main connection [MySQLi]: Base 'binomage_db' inconnue
[Method: GET, Route: liste]
in SYSTEMPATH\Database\BaseConnection.php on line 467.
 1 SYSTEMPATH\Database\BaseConnection.php(620): CodeIgniter\Database\BaseConnection->initialize()
 2 SYSTEMPATH\Database\BaseBuilder.php(1649): CodeIgniter\Database\BaseConnection->query('SELECT *
FROM `parrains`
ORDER BY `nom` ASC', [], false)
 3 SYSTEMPATH\Model.php(286): CodeIgniter\Database\BaseBuilder->get()
 4 SYSTEMPATH\BaseModel.php(675): CodeIgniter\Model->doFindAll(0, 0)
 5 APPPATH\Controllers\Dashboard.php(201): CodeIgniter\BaseModel->findAll()
 6 SYSTEMPATH\CodeIgniter.php(933): App\Controllers\Dashboard->listeEtudiants()
 7 SYSTEMPATH\CodeIgniter.php(507): CodeIgniter\CodeIgniter->runController(Object(App\Controllers\Dashboard))
 8 SYSTEMPATH\CodeIgniter.php(354): CodeIgniter\CodeIgniter->handleRequest(null, Object(Config\Cache), false)
 9 SYSTEMPATH\Boot.php(334): CodeIgniter\CodeIgniter->run()
10 SYSTEMPATH\Boot.php(67): CodeIgniter\Boot::runCodeIgniter(Object(CodeIgniter\CodeIgniter))
11 FCPATH\index.php(56): CodeIgniter\Boot::bootWeb(Object(Config\Paths))
ERROR - 2025-05-21 20:33:57 --> Error connecting to the database: mysqli_sql_exception: Base 'binomage_db' inconnue in C:\wamp64\www\codeigniterv4\system\Database\MySQLi\Connection.php:201
Stack trace:
#0 C:\wamp64\www\codeigniterv4\system\Database\MySQLi\Connection.php(201): mysqli->real_connect('localhost', 'root', Object(SensitiveParameterValue), 'binomage_db', 3306, '', 0)
#1 C:\wamp64\www\codeigniterv4\system\Database\BaseConnection.php(421): CodeIgniter\Database\MySQLi\Connection->connect(false)
#2 C:\wamp64\www\codeigniterv4\system\Database\BaseConnection.php(620): CodeIgniter\Database\BaseConnection->initialize()
#3 C:\wamp64\www\codeigniterv4\system\Database\BaseBuilder.php(1649): CodeIgniter\Database\BaseConnection->query('SELECT `binomes...', Array, false)
#4 C:\wamp64\www\codeigniterv4\system\Model.php(286): CodeIgniter\Database\BaseBuilder->get()
#5 C:\wamp64\www\codeigniterv4\system\BaseModel.php(675): CodeIgniter\Model->doFindAll(0, 0)
#6 C:\wamp64\www\codeigniterv4\app\Controllers\Dashboard.php(30): CodeIgniter\BaseModel->findAll()
#7 C:\wamp64\www\codeigniterv4\system\CodeIgniter.php(933): App\Controllers\Dashboard->index()
#8 C:\wamp64\www\codeigniterv4\system\CodeIgniter.php(507): CodeIgniter\CodeIgniter->runController(Object(App\Controllers\Dashboard))
#9 C:\wamp64\www\codeigniterv4\system\CodeIgniter.php(354): CodeIgniter\CodeIgniter->handleRequest(NULL, Object(Config\Cache), false)
#10 C:\wamp64\www\codeigniterv4\system\Boot.php(334): CodeIgniter\CodeIgniter->run()
#11 C:\wamp64\www\codeigniterv4\system\Boot.php(67): CodeIgniter\Boot::runCodeIgniter(Object(CodeIgniter\CodeIgniter))
#12 C:\wamp64\www\codeigniterv4\public\index.php(56): CodeIgniter\Boot::bootWeb(Object(Config\Paths))
#13 {main}

Next CodeIgniter\Database\Exceptions\DatabaseException: Base 'binomage_db' inconnue in C:\wamp64\www\codeigniterv4\system\Database\MySQLi\Connection.php:246
Stack trace:
#0 C:\wamp64\www\codeigniterv4\system\Database\BaseConnection.php(421): CodeIgniter\Database\MySQLi\Connection->connect(false)
#1 C:\wamp64\www\codeigniterv4\system\Database\BaseConnection.php(620): CodeIgniter\Database\BaseConnection->initialize()
#2 C:\wamp64\www\codeigniterv4\system\Database\BaseBuilder.php(1649): CodeIgniter\Database\BaseConnection->query('SELECT `binomes...', Array, false)
#3 C:\wamp64\www\codeigniterv4\system\Model.php(286): CodeIgniter\Database\BaseBuilder->get()
#4 C:\wamp64\www\codeigniterv4\system\BaseModel.php(675): CodeIgniter\Model->doFindAll(0, 0)
#5 C:\wamp64\www\codeigniterv4\app\Controllers\Dashboard.php(30): CodeIgniter\BaseModel->findAll()
#6 C:\wamp64\www\codeigniterv4\system\CodeIgniter.php(933): App\Controllers\Dashboard->index()
#7 C:\wamp64\www\codeigniterv4\system\CodeIgniter.php(507): CodeIgniter\CodeIgniter->runController(Object(App\Controllers\Dashboard))
#8 C:\wamp64\www\codeigniterv4\system\CodeIgniter.php(354): CodeIgniter\CodeIgniter->handleRequest(NULL, Object(Config\Cache), false)
#9 C:\wamp64\www\codeigniterv4\system\Boot.php(334): CodeIgniter\CodeIgniter->run()
#10 C:\wamp64\www\codeigniterv4\system\Boot.php(67): CodeIgniter\Boot::runCodeIgniter(Object(CodeIgniter\CodeIgniter))
#11 C:\wamp64\www\codeigniterv4\public\index.php(56): CodeIgniter\Boot::bootWeb(Object(Config\Paths))
#12 {main}
CRITICAL - 2025-05-21 20:33:57 --> CodeIgniter\Database\Exceptions\DatabaseException: Unable to connect to the database.
Main connection [MySQLi]: Base 'binomage_db' inconnue
[Method: GET, Route: binomes]
in SYSTEMPATH\Database\BaseConnection.php on line 467.
 1 SYSTEMPATH\Database\BaseConnection.php(620): CodeIgniter\Database\BaseConnection->initialize()
 2 SYSTEMPATH\Database\BaseBuilder.php(1649): CodeIgniter\Database\BaseConnection->query('SELECT `binomes`.`id` as `binome_id`, `binomes`.`parrain_id`, `binomes`.`filleul_id`, `parrains`.`nom` AS `parrain_nom`, `parrains`.`prenom` AS `parrain_prenom`, `parrains`.`photo` AS `parrain_photo`, `filleuls`.`nom` AS `filleul_nom`, `filleuls`.`prenom` AS `filleul_prenom`, `filleuls`.`photo` AS `filleul_photo`
FROM `binomes`
LEFT JOIN `parrains` ON `parrains`.`id` = `binomes`.`parrain_id`
LEFT JOIN `filleuls` ON `filleuls`.`id` = `binomes`.`filleul_id`', [], false)
 3 SYSTEMPATH\Model.php(286): CodeIgniter\Database\BaseBuilder->get()
 4 SYSTEMPATH\BaseModel.php(675): CodeIgniter\Model->doFindAll(0, 0)
 5 APPPATH\Controllers\Dashboard.php(30): CodeIgniter\BaseModel->findAll()
 6 SYSTEMPATH\CodeIgniter.php(933): App\Controllers\Dashboard->index()
 7 SYSTEMPATH\CodeIgniter.php(507): CodeIgniter\CodeIgniter->runController(Object(App\Controllers\Dashboard))
 8 SYSTEMPATH\CodeIgniter.php(354): CodeIgniter\CodeIgniter->handleRequest(null, Object(Config\Cache), false)
 9 SYSTEMPATH\Boot.php(334): CodeIgniter\CodeIgniter->run()
10 SYSTEMPATH\Boot.php(67): CodeIgniter\Boot::runCodeIgniter(Object(CodeIgniter\CodeIgniter))
11 FCPATH\index.php(56): CodeIgniter\Boot::bootWeb(Object(Config\Paths))
ERROR - 2025-05-21 20:34:07 --> Error connecting to the database: mysqli_sql_exception: Base 'binomage_db' inconnue in C:\wamp64\www\codeigniterv4\system\Database\MySQLi\Connection.php:201
Stack trace:
#0 C:\wamp64\www\codeigniterv4\system\Database\MySQLi\Connection.php(201): mysqli->real_connect('localhost', 'root', Object(SensitiveParameterValue), 'binomage_db', 3306, '', 0)
#1 C:\wamp64\www\codeigniterv4\system\Database\BaseConnection.php(421): CodeIgniter\Database\MySQLi\Connection->connect(false)
#2 C:\wamp64\www\codeigniterv4\system\Database\BaseConnection.php(620): CodeIgniter\Database\BaseConnection->initialize()
#3 C:\wamp64\www\codeigniterv4\system\Database\BaseBuilder.php(1649): CodeIgniter\Database\BaseConnection->query('SELECT `binomes...', Array, false)
#4 C:\wamp64\www\codeigniterv4\system\Model.php(286): CodeIgniter\Database\BaseBuilder->get()
#5 C:\wamp64\www\codeigniterv4\system\BaseModel.php(675): CodeIgniter\Model->doFindAll(0, 0)
#6 C:\wamp64\www\codeigniterv4\app\Controllers\Dashboard.php(30): CodeIgniter\BaseModel->findAll()
#7 C:\wamp64\www\codeigniterv4\system\CodeIgniter.php(933): App\Controllers\Dashboard->index()
#8 C:\wamp64\www\codeigniterv4\system\CodeIgniter.php(507): CodeIgniter\CodeIgniter->runController(Object(App\Controllers\Dashboard))
#9 C:\wamp64\www\codeigniterv4\system\CodeIgniter.php(354): CodeIgniter\CodeIgniter->handleRequest(NULL, Object(Config\Cache), false)
#10 C:\wamp64\www\codeigniterv4\system\Boot.php(334): CodeIgniter\CodeIgniter->run()
#11 C:\wamp64\www\codeigniterv4\system\Boot.php(67): CodeIgniter\Boot::runCodeIgniter(Object(CodeIgniter\CodeIgniter))
#12 C:\wamp64\www\codeigniterv4\public\index.php(56): CodeIgniter\Boot::bootWeb(Object(Config\Paths))
#13 {main}

Next CodeIgniter\Database\Exceptions\DatabaseException: Base 'binomage_db' inconnue in C:\wamp64\www\codeigniterv4\system\Database\MySQLi\Connection.php:246
Stack trace:
#0 C:\wamp64\www\codeigniterv4\system\Database\BaseConnection.php(421): CodeIgniter\Database\MySQLi\Connection->connect(false)
#1 C:\wamp64\www\codeigniterv4\system\Database\BaseConnection.php(620): CodeIgniter\Database\BaseConnection->initialize()
#2 C:\wamp64\www\codeigniterv4\system\Database\BaseBuilder.php(1649): CodeIgniter\Database\BaseConnection->query('SELECT `binomes...', Array, false)
#3 C:\wamp64\www\codeigniterv4\system\Model.php(286): CodeIgniter\Database\BaseBuilder->get()
#4 C:\wamp64\www\codeigniterv4\system\BaseModel.php(675): CodeIgniter\Model->doFindAll(0, 0)
#5 C:\wamp64\www\codeigniterv4\app\Controllers\Dashboard.php(30): CodeIgniter\BaseModel->findAll()
#6 C:\wamp64\www\codeigniterv4\system\CodeIgniter.php(933): App\Controllers\Dashboard->index()
#7 C:\wamp64\www\codeigniterv4\system\CodeIgniter.php(507): CodeIgniter\CodeIgniter->runController(Object(App\Controllers\Dashboard))
#8 C:\wamp64\www\codeigniterv4\system\CodeIgniter.php(354): CodeIgniter\CodeIgniter->handleRequest(NULL, Object(Config\Cache), false)
#9 C:\wamp64\www\codeigniterv4\system\Boot.php(334): CodeIgniter\CodeIgniter->run()
#10 C:\wamp64\www\codeigniterv4\system\Boot.php(67): CodeIgniter\Boot::runCodeIgniter(Object(CodeIgniter\CodeIgniter))
#11 C:\wamp64\www\codeigniterv4\public\index.php(56): CodeIgniter\Boot::bootWeb(Object(Config\Paths))
#12 {main}
CRITICAL - 2025-05-21 20:34:07 --> CodeIgniter\Database\Exceptions\DatabaseException: Unable to connect to the database.
Main connection [MySQLi]: Base 'binomage_db' inconnue
[Method: GET, Route: binomes]
in SYSTEMPATH\Database\BaseConnection.php on line 467.
 1 SYSTEMPATH\Database\BaseConnection.php(620): CodeIgniter\Database\BaseConnection->initialize()
 2 SYSTEMPATH\Database\BaseBuilder.php(1649): CodeIgniter\Database\BaseConnection->query('SELECT `binomes`.`id` as `binome_id`, `binomes`.`parrain_id`, `binomes`.`filleul_id`, `parrains`.`nom` AS `parrain_nom`, `parrains`.`prenom` AS `parrain_prenom`, `parrains`.`photo` AS `parrain_photo`, `filleuls`.`nom` AS `filleul_nom`, `filleuls`.`prenom` AS `filleul_prenom`, `filleuls`.`photo` AS `filleul_photo`
FROM `binomes`
LEFT JOIN `parrains` ON `parrains`.`id` = `binomes`.`parrain_id`
LEFT JOIN `filleuls` ON `filleuls`.`id` = `binomes`.`filleul_id`', [], false)
 3 SYSTEMPATH\Model.php(286): CodeIgniter\Database\BaseBuilder->get()
 4 SYSTEMPATH\BaseModel.php(675): CodeIgniter\Model->doFindAll(0, 0)
 5 APPPATH\Controllers\Dashboard.php(30): CodeIgniter\BaseModel->findAll()
 6 SYSTEMPATH\CodeIgniter.php(933): App\Controllers\Dashboard->index()
 7 SYSTEMPATH\CodeIgniter.php(507): CodeIgniter\CodeIgniter->runController(Object(App\Controllers\Dashboard))
 8 SYSTEMPATH\CodeIgniter.php(354): CodeIgniter\CodeIgniter->handleRequest(null, Object(Config\Cache), false)
 9 SYSTEMPATH\Boot.php(334): CodeIgniter\CodeIgniter->run()
10 SYSTEMPATH\Boot.php(67): CodeIgniter\Boot::runCodeIgniter(Object(CodeIgniter\CodeIgniter))
11 FCPATH\index.php(56): CodeIgniter\Boot::bootWeb(Object(Config\Paths))
ERROR - 2025-05-21 20:36:09 --> Error connecting to the database: mysqli_sql_exception: Base 'binomage_db' inconnue in C:\wamp64\www\codeigniterv4\system\Database\MySQLi\Connection.php:202
Stack trace:
#0 C:\wamp64\www\codeigniterv4\system\Database\MySQLi\Connection.php(202): mysqli->real_connect('localhost', 'root', '', 'binomage_db', 3306, '', 0)
#1 C:\wamp64\www\codeigniterv4\system\Database\BaseConnection.php(421): CodeIgniter\Database\MySQLi\Connection->connect(false)
#2 C:\wamp64\www\codeigniterv4\system\Database\BaseConnection.php(620): CodeIgniter\Database\BaseConnection->initialize()
#3 C:\wamp64\www\codeigniterv4\system\Database\BaseBuilder.php(1649): CodeIgniter\Database\BaseConnection->query('SELECT *\nFROM `...', Array, false)
#4 C:\wamp64\www\codeigniterv4\system\Model.php(286): CodeIgniter\Database\BaseBuilder->get()
#5 C:\wamp64\www\codeigniterv4\system\BaseModel.php(675): CodeIgniter\Model->doFindAll(0, 0)
#6 C:\wamp64\www\codeigniterv4\app\Controllers\Dashboard.php(201): CodeIgniter\BaseModel->findAll()
#7 C:\wamp64\www\codeigniterv4\system\CodeIgniter.php(933): App\Controllers\Dashboard->listeEtudiants()
#8 C:\wamp64\www\codeigniterv4\system\CodeIgniter.php(507): CodeIgniter\CodeIgniter->runController(Object(App\Controllers\Dashboard))
#9 C:\wamp64\www\codeigniterv4\system\CodeIgniter.php(354): CodeIgniter\CodeIgniter->handleRequest(NULL, Object(Config\Cache), false)
#10 C:\wamp64\www\codeigniterv4\system\Boot.php(334): CodeIgniter\CodeIgniter->run()
#11 C:\wamp64\www\codeigniterv4\system\Boot.php(67): CodeIgniter\Boot::runCodeIgniter(Object(CodeIgniter\CodeIgniter))
#12 C:\wamp64\www\codeigniterv4\public\index.php(56): CodeIgniter\Boot::bootWeb(Object(Config\Paths))
#13 {main}

Next CodeIgniter\Database\Exceptions\DatabaseException: Base 'binomage_db' inconnue in C:\wamp64\www\codeigniterv4\system\Database\MySQLi\Connection.php:246
Stack trace:
#0 C:\wamp64\www\codeigniterv4\system\Database\BaseConnection.php(421): CodeIgniter\Database\MySQLi\Connection->connect(false)
#1 C:\wamp64\www\codeigniterv4\system\Database\BaseConnection.php(620): CodeIgniter\Database\BaseConnection->initialize()
#2 C:\wamp64\www\codeigniterv4\system\Database\BaseBuilder.php(1649): CodeIgniter\Database\BaseConnection->query('SELECT *\nFROM `...', Array, false)
#3 C:\wamp64\www\codeigniterv4\system\Model.php(286): CodeIgniter\Database\BaseBuilder->get()
#4 C:\wamp64\www\codeigniterv4\system\BaseModel.php(675): CodeIgniter\Model->doFindAll(0, 0)
#5 C:\wamp64\www\codeigniterv4\app\Controllers\Dashboard.php(201): CodeIgniter\BaseModel->findAll()
#6 C:\wamp64\www\codeigniterv4\system\CodeIgniter.php(933): App\Controllers\Dashboard->listeEtudiants()
#7 C:\wamp64\www\codeigniterv4\system\CodeIgniter.php(507): CodeIgniter\CodeIgniter->runController(Object(App\Controllers\Dashboard))
#8 C:\wamp64\www\codeigniterv4\system\CodeIgniter.php(354): CodeIgniter\CodeIgniter->handleRequest(NULL, Object(Config\Cache), false)
#9 C:\wamp64\www\codeigniterv4\system\Boot.php(334): CodeIgniter\CodeIgniter->run()
#10 C:\wamp64\www\codeigniterv4\system\Boot.php(67): CodeIgniter\Boot::runCodeIgniter(Object(CodeIgniter\CodeIgniter))
#11 C:\wamp64\www\codeigniterv4\public\index.php(56): CodeIgniter\Boot::bootWeb(Object(Config\Paths))
#12 {main}
CRITICAL - 2025-05-21 20:36:09 --> CodeIgniter\Database\Exceptions\DatabaseException: Unable to connect to the database.
Main connection [MySQLi]: Base 'binomage_db' inconnue
[Method: GET, Route: liste]
in SYSTEMPATH\Database\BaseConnection.php on line 467.
 1 SYSTEMPATH\Database\BaseConnection.php(620): CodeIgniter\Database\BaseConnection->initialize()
 2 SYSTEMPATH\Database\BaseBuilder.php(1649): CodeIgniter\Database\BaseConnection->query('SELECT *
FROM `parrains`
ORDER BY `nom` ASC', [], false)
 3 SYSTEMPATH\Model.php(286): CodeIgniter\Database\BaseBuilder->get()
 4 SYSTEMPATH\BaseModel.php(675): CodeIgniter\Model->doFindAll(0, 0)
 5 APPPATH\Controllers\Dashboard.php(201): CodeIgniter\BaseModel->findAll()
 6 SYSTEMPATH\CodeIgniter.php(933): App\Controllers\Dashboard->listeEtudiants()
 7 SYSTEMPATH\CodeIgniter.php(507): CodeIgniter\CodeIgniter->runController(Object(App\Controllers\Dashboard))
 8 SYSTEMPATH\CodeIgniter.php(354): CodeIgniter\CodeIgniter->handleRequest(null, Object(Config\Cache), false)
 9 SYSTEMPATH\Boot.php(334): CodeIgniter\CodeIgniter->run()
10 SYSTEMPATH\Boot.php(67): CodeIgniter\Boot::runCodeIgniter(Object(CodeIgniter\CodeIgniter))
11 FCPATH\index.php(56): CodeIgniter\Boot::bootWeb(Object(Config\Paths))
ERROR - 2025-05-21 20:36:13 --> Error connecting to the database: mysqli_sql_exception: Base 'binomage_db' inconnue in C:\wamp64\www\codeigniterv4\system\Database\MySQLi\Connection.php:202
Stack trace:
#0 C:\wamp64\www\codeigniterv4\system\Database\MySQLi\Connection.php(202): mysqli->real_connect('localhost', 'root', '', 'binomage_db', 3306, '', 0)
#1 C:\wamp64\www\codeigniterv4\system\Database\BaseConnection.php(421): CodeIgniter\Database\MySQLi\Connection->connect(false)
#2 C:\wamp64\www\codeigniterv4\system\Database\BaseConnection.php(620): CodeIgniter\Database\BaseConnection->initialize()
#3 C:\wamp64\www\codeigniterv4\system\Database\BaseBuilder.php(1649): CodeIgniter\Database\BaseConnection->query('SELECT *\nFROM `...', Array, false)
#4 C:\wamp64\www\codeigniterv4\system\Model.php(286): CodeIgniter\Database\BaseBuilder->get()
#5 C:\wamp64\www\codeigniterv4\system\BaseModel.php(675): CodeIgniter\Model->doFindAll(0, 0)
#6 C:\wamp64\www\codeigniterv4\app\Controllers\Dashboard.php(201): CodeIgniter\BaseModel->findAll()
#7 C:\wamp64\www\codeigniterv4\system\CodeIgniter.php(933): App\Controllers\Dashboard->listeEtudiants()
#8 C:\wamp64\www\codeigniterv4\system\CodeIgniter.php(507): CodeIgniter\CodeIgniter->runController(Object(App\Controllers\Dashboard))
#9 C:\wamp64\www\codeigniterv4\system\CodeIgniter.php(354): CodeIgniter\CodeIgniter->handleRequest(NULL, Object(Config\Cache), false)
#10 C:\wamp64\www\codeigniterv4\system\Boot.php(334): CodeIgniter\CodeIgniter->run()
#11 C:\wamp64\www\codeigniterv4\system\Boot.php(67): CodeIgniter\Boot::runCodeIgniter(Object(CodeIgniter\CodeIgniter))
#12 C:\wamp64\www\codeigniterv4\public\index.php(56): CodeIgniter\Boot::bootWeb(Object(Config\Paths))
#13 {main}

Next CodeIgniter\Database\Exceptions\DatabaseException: Base 'binomage_db' inconnue in C:\wamp64\www\codeigniterv4\system\Database\MySQLi\Connection.php:246
Stack trace:
#0 C:\wamp64\www\codeigniterv4\system\Database\BaseConnection.php(421): CodeIgniter\Database\MySQLi\Connection->connect(false)
#1 C:\wamp64\www\codeigniterv4\system\Database\BaseConnection.php(620): CodeIgniter\Database\BaseConnection->initialize()
#2 C:\wamp64\www\codeigniterv4\system\Database\BaseBuilder.php(1649): CodeIgniter\Database\BaseConnection->query('SELECT *\nFROM `...', Array, false)
#3 C:\wamp64\www\codeigniterv4\system\Model.php(286): CodeIgniter\Database\BaseBuilder->get()
#4 C:\wamp64\www\codeigniterv4\system\BaseModel.php(675): CodeIgniter\Model->doFindAll(0, 0)
#5 C:\wamp64\www\codeigniterv4\app\Controllers\Dashboard.php(201): CodeIgniter\BaseModel->findAll()
#6 C:\wamp64\www\codeigniterv4\system\CodeIgniter.php(933): App\Controllers\Dashboard->listeEtudiants()
#7 C:\wamp64\www\codeigniterv4\system\CodeIgniter.php(507): CodeIgniter\CodeIgniter->runController(Object(App\Controllers\Dashboard))
#8 C:\wamp64\www\codeigniterv4\system\CodeIgniter.php(354): CodeIgniter\CodeIgniter->handleRequest(NULL, Object(Config\Cache), false)
#9 C:\wamp64\www\codeigniterv4\system\Boot.php(334): CodeIgniter\CodeIgniter->run()
#10 C:\wamp64\www\codeigniterv4\system\Boot.php(67): CodeIgniter\Boot::runCodeIgniter(Object(CodeIgniter\CodeIgniter))
#11 C:\wamp64\www\codeigniterv4\public\index.php(56): CodeIgniter\Boot::bootWeb(Object(Config\Paths))
#12 {main}
CRITICAL - 2025-05-21 20:36:13 --> CodeIgniter\Database\Exceptions\DatabaseException: Unable to connect to the database.
Main connection [MySQLi]: Base 'binomage_db' inconnue
[Method: GET, Route: liste]
in SYSTEMPATH\Database\BaseConnection.php on line 467.
 1 SYSTEMPATH\Database\BaseConnection.php(620): CodeIgniter\Database\BaseConnection->initialize()
 2 SYSTEMPATH\Database\BaseBuilder.php(1649): CodeIgniter\Database\BaseConnection->query('SELECT *
FROM `parrains`
ORDER BY `nom` ASC', [], false)
 3 SYSTEMPATH\Model.php(286): CodeIgniter\Database\BaseBuilder->get()
 4 SYSTEMPATH\BaseModel.php(675): CodeIgniter\Model->doFindAll(0, 0)
 5 APPPATH\Controllers\Dashboard.php(201): CodeIgniter\BaseModel->findAll()
 6 SYSTEMPATH\CodeIgniter.php(933): App\Controllers\Dashboard->listeEtudiants()
 7 SYSTEMPATH\CodeIgniter.php(507): CodeIgniter\CodeIgniter->runController(Object(App\Controllers\Dashboard))
 8 SYSTEMPATH\CodeIgniter.php(354): CodeIgniter\CodeIgniter->handleRequest(null, Object(Config\Cache), false)
 9 SYSTEMPATH\Boot.php(334): CodeIgniter\CodeIgniter->run()
10 SYSTEMPATH\Boot.php(67): CodeIgniter\Boot::runCodeIgniter(Object(CodeIgniter\CodeIgniter))
11 FCPATH\index.php(56): CodeIgniter\Boot::bootWeb(Object(Config\Paths))
ERROR - 2025-05-21 20:36:26 --> Error connecting to the database: mysqli_sql_exception: Base 'binomage_db' inconnue in C:\wamp64\www\codeigniterv4\system\Database\MySQLi\Connection.php:202
Stack trace:
#0 C:\wamp64\www\codeigniterv4\system\Database\MySQLi\Connection.php(202): mysqli->real_connect('localhost', 'root', '', 'binomage_db', 3306, '', 0)
#1 C:\wamp64\www\codeigniterv4\system\Database\BaseConnection.php(421): CodeIgniter\Database\MySQLi\Connection->connect(false)
#2 C:\wamp64\www\codeigniterv4\system\Database\BaseConnection.php(620): CodeIgniter\Database\BaseConnection->initialize()
#3 C:\wamp64\www\codeigniterv4\system\Database\BaseBuilder.php(1649): CodeIgniter\Database\BaseConnection->query('SELECT *\nFROM `...', Array, false)
#4 C:\wamp64\www\codeigniterv4\system\Model.php(286): CodeIgniter\Database\BaseBuilder->get()
#5 C:\wamp64\www\codeigniterv4\system\BaseModel.php(675): CodeIgniter\Model->doFindAll(0, 0)
#6 C:\wamp64\www\codeigniterv4\app\Controllers\Dashboard.php(201): CodeIgniter\BaseModel->findAll()
#7 C:\wamp64\www\codeigniterv4\system\CodeIgniter.php(933): App\Controllers\Dashboard->listeEtudiants()
#8 C:\wamp64\www\codeigniterv4\system\CodeIgniter.php(507): CodeIgniter\CodeIgniter->runController(Object(App\Controllers\Dashboard))
#9 C:\wamp64\www\codeigniterv4\system\CodeIgniter.php(354): CodeIgniter\CodeIgniter->handleRequest(NULL, Object(Config\Cache), false)
#10 C:\wamp64\www\codeigniterv4\system\Boot.php(334): CodeIgniter\CodeIgniter->run()
#11 C:\wamp64\www\codeigniterv4\system\Boot.php(67): CodeIgniter\Boot::runCodeIgniter(Object(CodeIgniter\CodeIgniter))
#12 C:\wamp64\www\codeigniterv4\public\index.php(56): CodeIgniter\Boot::bootWeb(Object(Config\Paths))
#13 {main}

Next CodeIgniter\Database\Exceptions\DatabaseException: Base 'binomage_db' inconnue in C:\wamp64\www\codeigniterv4\system\Database\MySQLi\Connection.php:246
Stack trace:
#0 C:\wamp64\www\codeigniterv4\system\Database\BaseConnection.php(421): CodeIgniter\Database\MySQLi\Connection->connect(false)
#1 C:\wamp64\www\codeigniterv4\system\Database\BaseConnection.php(620): CodeIgniter\Database\BaseConnection->initialize()
#2 C:\wamp64\www\codeigniterv4\system\Database\BaseBuilder.php(1649): CodeIgniter\Database\BaseConnection->query('SELECT *\nFROM `...', Array, false)
#3 C:\wamp64\www\codeigniterv4\system\Model.php(286): CodeIgniter\Database\BaseBuilder->get()
#4 C:\wamp64\www\codeigniterv4\system\BaseModel.php(675): CodeIgniter\Model->doFindAll(0, 0)
#5 C:\wamp64\www\codeigniterv4\app\Controllers\Dashboard.php(201): CodeIgniter\BaseModel->findAll()
#6 C:\wamp64\www\codeigniterv4\system\CodeIgniter.php(933): App\Controllers\Dashboard->listeEtudiants()
#7 C:\wamp64\www\codeigniterv4\system\CodeIgniter.php(507): CodeIgniter\CodeIgniter->runController(Object(App\Controllers\Dashboard))
#8 C:\wamp64\www\codeigniterv4\system\CodeIgniter.php(354): CodeIgniter\CodeIgniter->handleRequest(NULL, Object(Config\Cache), false)
#9 C:\wamp64\www\codeigniterv4\system\Boot.php(334): CodeIgniter\CodeIgniter->run()
#10 C:\wamp64\www\codeigniterv4\system\Boot.php(67): CodeIgniter\Boot::runCodeIgniter(Object(CodeIgniter\CodeIgniter))
#11 C:\wamp64\www\codeigniterv4\public\index.php(56): CodeIgniter\Boot::bootWeb(Object(Config\Paths))
#12 {main}
CRITICAL - 2025-05-21 20:36:26 --> CodeIgniter\Database\Exceptions\DatabaseException: Unable to connect to the database.
Main connection [MySQLi]: Base 'binomage_db' inconnue
[Method: GET, Route: liste]
in SYSTEMPATH\Database\BaseConnection.php on line 467.
 1 SYSTEMPATH\Database\BaseConnection.php(620): CodeIgniter\Database\BaseConnection->initialize()
 2 SYSTEMPATH\Database\BaseBuilder.php(1649): CodeIgniter\Database\BaseConnection->query('SELECT *
FROM `parrains`
ORDER BY `nom` ASC', [], false)
 3 SYSTEMPATH\Model.php(286): CodeIgniter\Database\BaseBuilder->get()
 4 SYSTEMPATH\BaseModel.php(675): CodeIgniter\Model->doFindAll(0, 0)
 5 APPPATH\Controllers\Dashboard.php(201): CodeIgniter\BaseModel->findAll()
 6 SYSTEMPATH\CodeIgniter.php(933): App\Controllers\Dashboard->listeEtudiants()
 7 SYSTEMPATH\CodeIgniter.php(507): CodeIgniter\CodeIgniter->runController(Object(App\Controllers\Dashboard))
 8 SYSTEMPATH\CodeIgniter.php(354): CodeIgniter\CodeIgniter->handleRequest(null, Object(Config\Cache), false)
 9 SYSTEMPATH\Boot.php(334): CodeIgniter\CodeIgniter->run()
10 SYSTEMPATH\Boot.php(67): CodeIgniter\Boot::runCodeIgniter(Object(CodeIgniter\CodeIgniter))
11 FCPATH\index.php(56): CodeIgniter\Boot::bootWeb(Object(Config\Paths))
