ERROR - 2025-04-08 21:58:31 --> mysqli_sql_exception: La table 'binomage_db.binomes' n'existe pas in C:\wamp64\www\codeigniter(v4)\system\Database\MySQLi\Connection.php:327
Stack trace:
#0 C:\wamp64\www\codeigniter(v4)\system\Database\MySQLi\Connection.php(327): mysqli->query('SELECT `binomes...', 0)
#1 C:\wamp64\www\codeigniter(v4)\system\Database\BaseConnection.php(738): CodeIgniter\Database\MySQLi\Connection->execute('SELECT `binomes...')
#2 C:\wamp64\www\codeigniter(v4)\system\Database\BaseConnection.php(652): CodeIgniter\Database\BaseConnection->simpleQuery('SELECT `binomes...')
#3 C:\wamp64\www\codeigniter(v4)\system\Database\BaseBuilder.php(1649): CodeIgniter\Database\BaseConnection->query('SELECT `binomes...', Array, false)
#4 C:\wamp64\www\codeigniter(v4)\system\Model.php(286): CodeIgniter\Database\BaseBuilder->get()
#5 C:\wamp64\www\codeigniter(v4)\system\BaseModel.php(675): CodeIgniter\Model->doFindAll(0, 0)
#6 C:\wamp64\www\codeigniter(v4)\app\Controllers\Dashboard.php(23): CodeIgniter\BaseModel->findAll()
#7 C:\wamp64\www\codeigniter(v4)\system\CodeIgniter.php(933): App\Controllers\Dashboard->index()
#8 C:\wamp64\www\codeigniter(v4)\system\CodeIgniter.php(507): CodeIgniter\CodeIgniter->runController(Object(App\Controllers\Dashboard))
#9 C:\wamp64\www\codeigniter(v4)\system\CodeIgniter.php(354): CodeIgniter\CodeIgniter->handleRequest(NULL, Object(Config\Cache), false)
#10 C:\wamp64\www\codeigniter(v4)\system\Boot.php(334): CodeIgniter\CodeIgniter->run()
#11 C:\wamp64\www\codeigniter(v4)\system\Boot.php(67): CodeIgniter\Boot::runCodeIgniter(Object(CodeIgniter\CodeIgniter))
#12 C:\wamp64\www\codeigniter(v4)\public\index.php(56): CodeIgniter\Boot::bootWeb(Object(Config\Paths))
#13 {main}
CRITICAL - 2025-04-08 21:58:31 --> Error: Call to a member function getResult() on bool
[Method: GET, Route: dashboard]
in SYSTEMPATH\Model.php on line 287.
 1 SYSTEMPATH\BaseModel.php(675): CodeIgniter\Model->doFindAll(0, 0)
 2 APPPATH\Controllers\Dashboard.php(23): CodeIgniter\BaseModel->findAll()
 3 SYSTEMPATH\CodeIgniter.php(933): App\Controllers\Dashboard->index()
 4 SYSTEMPATH\CodeIgniter.php(507): CodeIgniter\CodeIgniter->runController(Object(App\Controllers\Dashboard))
 5 SYSTEMPATH\CodeIgniter.php(354): CodeIgniter\CodeIgniter->handleRequest(null, Object(Config\Cache), false)
 6 SYSTEMPATH\Boot.php(334): CodeIgniter\CodeIgniter->run()
 7 SYSTEMPATH\Boot.php(67): CodeIgniter\Boot::runCodeIgniter(Object(CodeIgniter\CodeIgniter))
 8 FCPATH\index.php(56): CodeIgniter\Boot::bootWeb(Object(Config\Paths))
ERROR - 2025-04-08 21:58:46 --> mysqli_sql_exception: La table 'binomage_db.binomes' n'existe pas in C:\wamp64\www\codeigniter(v4)\system\Database\MySQLi\Connection.php:327
Stack trace:
#0 C:\wamp64\www\codeigniter(v4)\system\Database\MySQLi\Connection.php(327): mysqli->query('SELECT `binomes...', 0)
#1 C:\wamp64\www\codeigniter(v4)\system\Database\BaseConnection.php(738): CodeIgniter\Database\MySQLi\Connection->execute('SELECT `binomes...')
#2 C:\wamp64\www\codeigniter(v4)\system\Database\BaseConnection.php(652): CodeIgniter\Database\BaseConnection->simpleQuery('SELECT `binomes...')
#3 C:\wamp64\www\codeigniter(v4)\system\Database\BaseBuilder.php(1649): CodeIgniter\Database\BaseConnection->query('SELECT `binomes...', Array, false)
#4 C:\wamp64\www\codeigniter(v4)\system\Model.php(286): CodeIgniter\Database\BaseBuilder->get()
#5 C:\wamp64\www\codeigniter(v4)\system\BaseModel.php(675): CodeIgniter\Model->doFindAll(0, 0)
#6 C:\wamp64\www\codeigniter(v4)\app\Controllers\Dashboard.php(23): CodeIgniter\BaseModel->findAll()
#7 C:\wamp64\www\codeigniter(v4)\system\CodeIgniter.php(933): App\Controllers\Dashboard->index()
#8 C:\wamp64\www\codeigniter(v4)\system\CodeIgniter.php(507): CodeIgniter\CodeIgniter->runController(Object(App\Controllers\Dashboard))
#9 C:\wamp64\www\codeigniter(v4)\system\CodeIgniter.php(354): CodeIgniter\CodeIgniter->handleRequest(NULL, Object(Config\Cache), false)
#10 C:\wamp64\www\codeigniter(v4)\system\Boot.php(334): CodeIgniter\CodeIgniter->run()
#11 C:\wamp64\www\codeigniter(v4)\system\Boot.php(67): CodeIgniter\Boot::runCodeIgniter(Object(CodeIgniter\CodeIgniter))
#12 C:\wamp64\www\codeigniter(v4)\public\index.php(56): CodeIgniter\Boot::bootWeb(Object(Config\Paths))
#13 {main}
CRITICAL - 2025-04-08 21:58:46 --> Error: Call to a member function getResult() on bool
[Method: GET, Route: dashboard]
in SYSTEMPATH\Model.php on line 287.
 1 SYSTEMPATH\BaseModel.php(675): CodeIgniter\Model->doFindAll(0, 0)
 2 APPPATH\Controllers\Dashboard.php(23): CodeIgniter\BaseModel->findAll()
 3 SYSTEMPATH\CodeIgniter.php(933): App\Controllers\Dashboard->index()
 4 SYSTEMPATH\CodeIgniter.php(507): CodeIgniter\CodeIgniter->runController(Object(App\Controllers\Dashboard))
 5 SYSTEMPATH\CodeIgniter.php(354): CodeIgniter\CodeIgniter->handleRequest(null, Object(Config\Cache), false)
 6 SYSTEMPATH\Boot.php(334): CodeIgniter\CodeIgniter->run()
 7 SYSTEMPATH\Boot.php(67): CodeIgniter\Boot::runCodeIgniter(Object(CodeIgniter\CodeIgniter))
 8 FCPATH\index.php(56): CodeIgniter\Boot::bootWeb(Object(Config\Paths))
ERROR - 2025-04-08 23:47:47 --> mysqli_sql_exception: La table 'binomage_db.binomes' n'existe pas in C:\wamp64\www\codeigniter(v4)\system\Database\MySQLi\Connection.php:327
Stack trace:
#0 C:\wamp64\www\codeigniter(v4)\system\Database\MySQLi\Connection.php(327): mysqli->query('SELECT `binomes...', 0)
#1 C:\wamp64\www\codeigniter(v4)\system\Database\BaseConnection.php(738): CodeIgniter\Database\MySQLi\Connection->execute('SELECT `binomes...')
#2 C:\wamp64\www\codeigniter(v4)\system\Database\BaseConnection.php(652): CodeIgniter\Database\BaseConnection->simpleQuery('SELECT `binomes...')
#3 C:\wamp64\www\codeigniter(v4)\system\Database\BaseBuilder.php(1649): CodeIgniter\Database\BaseConnection->query('SELECT `binomes...', Array, false)
#4 C:\wamp64\www\codeigniter(v4)\system\Model.php(286): CodeIgniter\Database\BaseBuilder->get()
#5 C:\wamp64\www\codeigniter(v4)\system\BaseModel.php(675): CodeIgniter\Model->doFindAll(0, 0)
#6 C:\wamp64\www\codeigniter(v4)\app\Controllers\Dashboard.php(23): CodeIgniter\BaseModel->findAll()
#7 C:\wamp64\www\codeigniter(v4)\system\CodeIgniter.php(933): App\Controllers\Dashboard->index()
#8 C:\wamp64\www\codeigniter(v4)\system\CodeIgniter.php(507): CodeIgniter\CodeIgniter->runController(Object(App\Controllers\Dashboard))
#9 C:\wamp64\www\codeigniter(v4)\system\CodeIgniter.php(354): CodeIgniter\CodeIgniter->handleRequest(NULL, Object(Config\Cache), false)
#10 C:\wamp64\www\codeigniter(v4)\system\Boot.php(334): CodeIgniter\CodeIgniter->run()
#11 C:\wamp64\www\codeigniter(v4)\system\Boot.php(67): CodeIgniter\Boot::runCodeIgniter(Object(CodeIgniter\CodeIgniter))
#12 C:\wamp64\www\codeigniter(v4)\public\index.php(56): CodeIgniter\Boot::bootWeb(Object(Config\Paths))
#13 {main}
CRITICAL - 2025-04-08 23:47:47 --> Error: Call to a member function getResult() on bool
[Method: GET, Route: dashboard]
in SYSTEMPATH\Model.php on line 287.
 1 SYSTEMPATH\BaseModel.php(675): CodeIgniter\Model->doFindAll(0, 0)
 2 APPPATH\Controllers\Dashboard.php(23): CodeIgniter\BaseModel->findAll()
 3 SYSTEMPATH\CodeIgniter.php(933): App\Controllers\Dashboard->index()
 4 SYSTEMPATH\CodeIgniter.php(507): CodeIgniter\CodeIgniter->runController(Object(App\Controllers\Dashboard))
 5 SYSTEMPATH\CodeIgniter.php(354): CodeIgniter\CodeIgniter->handleRequest(null, Object(Config\Cache), false)
 6 SYSTEMPATH\Boot.php(334): CodeIgniter\CodeIgniter->run()
 7 SYSTEMPATH\Boot.php(67): CodeIgniter\Boot::runCodeIgniter(Object(CodeIgniter\CodeIgniter))
 8 FCPATH\index.php(56): CodeIgniter\Boot::bootWeb(Object(Config\Paths))
ERROR - 2025-04-08 23:53:25 --> mysqli_sql_exception: La table 'binomage_db.binomes' n'existe pas in C:\wamp64\www\codeigniter(v4)\system\Database\MySQLi\Connection.php:327
Stack trace:
#0 C:\wamp64\www\codeigniter(v4)\system\Database\MySQLi\Connection.php(327): mysqli->query('SELECT `binomes...', 0)
#1 C:\wamp64\www\codeigniter(v4)\system\Database\BaseConnection.php(738): CodeIgniter\Database\MySQLi\Connection->execute('SELECT `binomes...')
#2 C:\wamp64\www\codeigniter(v4)\system\Database\BaseConnection.php(652): CodeIgniter\Database\BaseConnection->simpleQuery('SELECT `binomes...')
#3 C:\wamp64\www\codeigniter(v4)\system\Database\BaseBuilder.php(1649): CodeIgniter\Database\BaseConnection->query('SELECT `binomes...', Array, false)
#4 C:\wamp64\www\codeigniter(v4)\system\Model.php(286): CodeIgniter\Database\BaseBuilder->get()
#5 C:\wamp64\www\codeigniter(v4)\system\BaseModel.php(675): CodeIgniter\Model->doFindAll(0, 0)
#6 C:\wamp64\www\codeigniter(v4)\app\Controllers\Dashboard.php(23): CodeIgniter\BaseModel->findAll()
#7 C:\wamp64\www\codeigniter(v4)\system\CodeIgniter.php(933): App\Controllers\Dashboard->index()
#8 C:\wamp64\www\codeigniter(v4)\system\CodeIgniter.php(507): CodeIgniter\CodeIgniter->runController(Object(App\Controllers\Dashboard))
#9 C:\wamp64\www\codeigniter(v4)\system\CodeIgniter.php(354): CodeIgniter\CodeIgniter->handleRequest(NULL, Object(Config\Cache), false)
#10 C:\wamp64\www\codeigniter(v4)\system\Boot.php(334): CodeIgniter\CodeIgniter->run()
#11 C:\wamp64\www\codeigniter(v4)\system\Boot.php(67): CodeIgniter\Boot::runCodeIgniter(Object(CodeIgniter\CodeIgniter))
#12 C:\wamp64\www\codeigniter(v4)\public\index.php(56): CodeIgniter\Boot::bootWeb(Object(Config\Paths))
#13 {main}
CRITICAL - 2025-04-08 23:53:25 --> Error: Call to a member function getResult() on bool
[Method: GET, Route: dashboard]
in SYSTEMPATH\Model.php on line 287.
 1 SYSTEMPATH\BaseModel.php(675): CodeIgniter\Model->doFindAll(0, 0)
 2 APPPATH\Controllers\Dashboard.php(23): CodeIgniter\BaseModel->findAll()
 3 SYSTEMPATH\CodeIgniter.php(933): App\Controllers\Dashboard->index()
 4 SYSTEMPATH\CodeIgniter.php(507): CodeIgniter\CodeIgniter->runController(Object(App\Controllers\Dashboard))
 5 SYSTEMPATH\CodeIgniter.php(354): CodeIgniter\CodeIgniter->handleRequest(null, Object(Config\Cache), false)
 6 SYSTEMPATH\Boot.php(334): CodeIgniter\CodeIgniter->run()
 7 SYSTEMPATH\Boot.php(67): CodeIgniter\Boot::runCodeIgniter(Object(CodeIgniter\CodeIgniter))
 8 FCPATH\index.php(56): CodeIgniter\Boot::bootWeb(Object(Config\Paths))
